https://launchpad.net/~iotconnect/iotconnect-craft-remote-build/+snap/snapcraft-iotconnect-gg-nucleus-00726c8350c87c626ebbd9c5a9bcb0c9/+build/3038390
[Wed Jan 28 15:41:38 2026]
RUN: /usr/share/launchpad-buildd/bin/builder-prep 
Kernel version: Linux bos03-arm64-105 6.8.0-90-generic #91-Ubuntu SMP PREEMPT_DYNAMIC Tue Nov 18 13:53:54 UTC 2025 aarch64
Buildd toolchain package versions: launchpad-buildd_260~782~ubuntu24.04.1 python3-lpbuildd_260~782~ubuntu24.04.1 sbuild_0.85.10ubuntu0.2 git-build-recipe_0.3.7 git_1:2.43.0-1ubuntu7.3 dpkg-dev_1.22.6ubuntu6.5 python3-debian_0.1.49ubuntu2.
Syncing the system clock with the buildd NTP service...
2026-01-28 15:41:38.405374 (+0000) -0.029094 +/- 0.001613 ntp.buildd 91.189.91.52 s3 no-leap
[Wed Jan 28 15:41:38 2026]
RUN: /usr/share/launchpad-buildd/bin/in-target unpack-chroot --backend=lxd --series=jammy --abi-tag=armhf --isa-tag=armhf SNAPBUILD-3038390 --image-type lxd /home/buildd/filecache-default/9e4508ad462e2bc22f79eca9f00ba58e649936a3
Creating target for build SNAPBUILD-3038390
To start your first container, try: lxc launch ubuntu:24.04
Or for a virtual machine: lxc launch ubuntu:24.04 --vm

/usr/lib/python3/dist-packages/pylxd/models/operation.py:76: UserWarning: Attempted to set unknown attribute "location" on instance of "Operation"
  warnings.warn(
[Wed Jan 28 15:41:49 2026]
RUN: /usr/share/launchpad-buildd/bin/in-target mount-chroot --backend=lxd --series=jammy --abi-tag=armhf --isa-tag=armhf SNAPBUILD-3038390
Starting target for build SNAPBUILD-3038390
/usr/lib/python3/dist-packages/pylxd/models/_model.py:134: UserWarning: Attempted to set unknown attribute "project" on instance of "Profile"
  warnings.warn(
/usr/lib/python3/dist-packages/pylxd/models/operation.py:76: UserWarning: Attempted to set unknown attribute "location" on instance of "Operation"
  warnings.warn(
Error: Instance is not running
/usr/lib/python3/dist-packages/pylxd/models/_model.py:134: UserWarning: Attempted to set unknown attribute "type" on instance of "Container"
  warnings.warn(
/usr/lib/python3/dist-packages/pylxd/models/_model.py:134: UserWarning: Attempted to set unknown attribute "project" on instance of "Container"
  warnings.warn(
Error: Instance is not running
Error: Instance is not running
Error: Instance is not running
[Wed Jan 28 15:42:04 2026]
RUN: /usr/share/launchpad-buildd/bin/in-target override-sources-list --backend=lxd --series=jammy --abi-tag=armhf --isa-tag=armhf SNAPBUILD-3038390 'deb http://ftpmaster.internal/ubuntu jammy main restricted universe multiverse' 'deb http://ftpmaster.internal/ubuntu jammy-security main restricted universe multiverse' 'deb http://ftpmaster.internal/ubuntu jammy-updates main restricted universe multiverse'
Overriding sources.list in build-SNAPBUILD-3038390
/usr/lib/python3/dist-packages/pylxd/models/_model.py:134: UserWarning: Attempted to set unknown attribute "type" on instance of "Container"
  warnings.warn(
/usr/lib/python3/dist-packages/pylxd/models/_model.py:134: UserWarning: Attempted to set unknown attribute "project" on instance of "Container"
  warnings.warn(
[Wed Jan 28 15:42:05 2026]
RUN: /usr/share/launchpad-buildd/bin/in-target update-debian-chroot --backend=lxd --series=jammy --abi-tag=armhf --isa-tag=armhf SNAPBUILD-3038390
Updating target for build SNAPBUILD-3038390
Get:1 http://ftpmaster.internal/ubuntu jammy InRelease [270 kB]
Get:2 http://ftpmaster.internal/ubuntu jammy-security InRelease [129 kB]
Get:3 http://ftpmaster.internal/ubuntu jammy-updates InRelease [128 kB]
Get:4 http://ftpmaster.internal/ubuntu jammy/main armhf Packages [1323 kB]
Get:5 http://ftpmaster.internal/ubuntu jammy/main Translation-en [510 kB]
Get:6 http://ftpmaster.internal/ubuntu jammy/restricted armhf Packages [10.9 kB]
Get:7 http://ftpmaster.internal/ubuntu jammy/restricted Translation-en [18.6 kB]
Get:8 http://ftpmaster.internal/ubuntu jammy/universe armhf Packages [13.5 MB]
Get:9 http://ftpmaster.internal/ubuntu jammy/universe Translation-en [5652 kB]
Get:10 http://ftpmaster.internal/ubuntu jammy/multiverse armhf Packages [164 kB]
Get:11 http://ftpmaster.internal/ubuntu jammy/multiverse Translation-en [112 kB]
Get:12 http://ftpmaster.internal/ubuntu jammy-security/main armhf Packages [1090 kB]
Get:13 http://ftpmaster.internal/ubuntu jammy-security/main Translation-en [419 kB]
Get:14 http://ftpmaster.internal/ubuntu jammy-security/restricted armhf Packages [18.3 kB]
Get:15 http://ftpmaster.internal/ubuntu jammy-security/restricted Translation-en [917 kB]
Get:16 http://ftpmaster.internal/ubuntu jammy-security/universe armhf Packages [752 kB]
Get:17 http://ftpmaster.internal/ubuntu jammy-security/universe Translation-en [222 kB]
Get:18 http://ftpmaster.internal/ubuntu jammy-security/multiverse armhf Packages [4096 B]
Get:19 http://ftpmaster.internal/ubuntu jammy-security/multiverse Translation-en [10.5 kB]
Get:20 http://ftpmaster.internal/ubuntu jammy-updates/main armhf Packages [1316 kB]
Get:21 http://ftpmaster.internal/ubuntu jammy-updates/main Translation-en [486 kB]
Get:22 http://ftpmaster.internal/ubuntu jammy-updates/restricted armhf Packages [21.6 kB]
Get:23 http://ftpmaster.internal/ubuntu jammy-updates/restricted Translation-en [958 kB]
Get:24 http://ftpmaster.internal/ubuntu jammy-updates/universe armhf Packages [976 kB]
Get:25 http://ftpmaster.internal/ubuntu jammy-updates/universe Translation-en [311 kB]
Get:26 http://ftpmaster.internal/ubuntu jammy-updates/multiverse armhf Packages [7080 B]
Get:27 http://ftpmaster.internal/ubuntu jammy-updates/multiverse Translation-en [13.5 kB]
Fetched 29.4 MB in 5s (6421 kB/s)
Reading package lists...
Reading package lists...
Building dependency tree...
Reading state information...
Calculating upgrade...
The following packages were automatically installed and are no longer required:
  libperl5.32 perl-modules-5.32
Use 'apt autoremove' to remove them.
The following packages will be REMOVED:
  libsemanage1*
The following NEW packages will be installed:
  gcc-12-base libperl5.34 libsemanage2 libsepol2 libssl3 perl-modules-5.34
The following packages will be upgraded:
  advancecomp apt base-files base-passwd bash binutils
  binutils-arm-linux-gnueabihf binutils-common bsdutils build-essential bzip2
  ca-certificates coreutils cpp-11 dash debconf debianutils diffutils dpkg
  dpkg-dev e2fsprogs fakeroot findutils g++-11 gcc-11 gcc-11-base gpg
  gpg-agent gpgconf gpgv grep gzip hostname init init-system-helpers libacl1
  libapparmor1 libapt-pkg6.0 libargon2-1 libasan6 libassuan0 libatomic1
  libattr1 libaudit-common libaudit1 libbinutils libblkid1 libbz2-1.0 libc-bin
  libc-dev-bin libc6 libc6-dev libcap-ng0 libcap2 libcc1-0 libcom-err2
  libcrypt-dev libcrypt1 libcryptsetup12 libctf-nobfd0 libctf0 libdb5.3
  libdebconfclient0 libdevmapper1.02.1 libdpkg-perl libext2fs2 libfakeroot
  libffi8 libgcc-11-dev libgcc-s1 libgcrypt20 libgdbm-compat4 libgdbm6
  libgmp10 libgnutls30 libgomp1 libgpg-error0 libgssapi-krb5-2 libhogweed6
  libidn2-0 libip4tc2 libisl23 libjson-c5 libk5crypto3 libkeyutils1 libkmod2
  libkrb5-3 libkrb5support0 liblockfile-bin liblockfile1 liblz4-1 liblzma5
  libmount1 libmpc3 libmpfr6 libncurses6 libncursesw6 libnettle8 libnpth0
  libnsl-dev libnsl2 libp11-kit0 libpam-modules libpam-modules-bin
  libpam-runtime libpam0g libpcre2-8-0 libpcre3 libpng16-16 libprocps8
  libreadline8 libseccomp2 libselinux1 libsemanage-common libsmartcols1
  libsqlite3-0 libss2 libstdc++-11-dev libstdc++6 libsystemd0 libtasn1-6
  libtinfo6 libtirpc-common libtirpc-dev libtirpc3 libubsan1 libudev1
  libunistring2 libuuid1 libxxhash0 libzstd1 linux-libc-dev lockfile-progs
  login logsave lsb-base lto-disabled-list make mawk mount ncurses-base
  ncurses-bin openssl optipng passwd patch perl perl-base pinentry-curses
  pkgbinarymangler procps readline-common rpcsvc-proto sed sensible-utils
  systemd systemd-sysv systemd-timesyncd sysvinit-utils tar tzdata usrmerge
  util-linux xz-utils zlib1g
165 upgraded, 6 newly installed, 1 to remove and 0 not upgraded.
Need to get 90.4 MB of archives.
After this operation, 296 MB disk space will be freed.
Get:1 http://ftpmaster.internal/ubuntu jammy/main armhf rpcsvc-proto armhf 1.4.2-0ubuntu6 [63.7 kB]
Get:2 http://ftpmaster.internal/ubuntu jammy/main armhf libnsl-dev armhf 1.3.0-2build2 [66.1 kB]
Get:3 http://ftpmaster.internal/ubuntu jammy/main armhf libcrypt-dev armhf 1:4.4.27-1 [122 kB]
Get:4 http://ftpmaster.internal/ubuntu jammy-updates/main armhf libc6-dev armhf 2.35-0ubuntu3.12 [1331 kB]
Get:5 http://ftpmaster.internal/ubuntu jammy-updates/main armhf libc-dev-bin armhf 2.35-0ubuntu3.12 [19.0 kB]
Get:6 http://ftpmaster.internal/ubuntu jammy-security/main armhf libtirpc-common all 1.3.2-2ubuntu0.1 [7766 B]
Get:7 http://ftpmaster.internal/ubuntu jammy-security/main armhf libtirpc-dev armhf 1.3.2-2ubuntu0.1 [184 kB]
Get:8 http://ftpmaster.internal/ubuntu jammy-security/main armhf libssl3 armhf 3.0.2-0ubuntu1.21 [1584 kB]
Get:9 http://ftpmaster.internal/ubuntu jammy-security/main armhf libk5crypto3 armhf 1.19.2-2ubuntu0.7 [83.8 kB]
Get:10 http://ftpmaster.internal/ubuntu jammy-security/main armhf libkrb5support0 armhf 1.19.2-2ubuntu0.7 [30.8 kB]
Get:11 http://ftpmaster.internal/ubuntu jammy-security/main armhf libkrb5-3 armhf 1.19.2-2ubuntu0.7 [330 kB]
Get:12 http://ftpmaster.internal/ubuntu jammy-security/main armhf libgssapi-krb5-2 armhf 1.19.2-2ubuntu0.7 [121 kB]
Get:13 http://ftpmaster.internal/ubuntu jammy-updates/main armhf libc6 armhf 2.35-0ubuntu3.12 [2900 kB]
Get:14 http://ftpmaster.internal/ubuntu jammy-updates/main armhf libc-bin armhf 2.35-0ubuntu3.12 [546 kB]
Get:15 http://ftpmaster.internal/ubuntu jammy-security/main armhf perl-modules-5.34 all 5.34.0-3ubuntu1.5 [2977 kB]
Get:16 http://ftpmaster.internal/ubuntu jammy-security/main armhf libperl5.34 armhf 5.34.0-3ubuntu1.5 [4053 kB]
Get:17 http://ftpmaster.internal/ubuntu jammy-security/main armhf perl armhf 5.34.0-3ubuntu1.5 [232 kB]
Get:18 http://ftpmaster.internal/ubuntu jammy-security/main armhf perl-base armhf 5.34.0-3ubuntu1.5 [1614 kB]
Get:19 http://ftpmaster.internal/ubuntu jammy/main armhf bzip2 armhf 1.0.8-5build1 [34.2 kB]
Get:20 http://ftpmaster.internal/ubuntu jammy/main armhf libbz2-1.0 armhf 1.0.8-5build1 [31.7 kB]
Get:21 http://ftpmaster.internal/ubuntu jammy/main armhf libaudit-common all 1:3.0.7-1build1 [4726 B]
Get:22 http://ftpmaster.internal/ubuntu jammy/main armhf libcap-ng0 armhf 0.7.9-2.2build3 [10.1 kB]
Get:23 http://ftpmaster.internal/ubuntu jammy/main armhf libaudit1 armhf 1:3.0.7-1build1 [43.6 kB]
Get:24 http://ftpmaster.internal/ubuntu jammy-security/main armhf libpam0g armhf 1.4.0-11ubuntu2.6 [54.5 kB]
Get:25 http://ftpmaster.internal/ubuntu jammy/main armhf libcrypt1 armhf 1:4.4.27-1 [94.0 kB]
Get:26 http://ftpmaster.internal/ubuntu jammy/main armhf libdb5.3 armhf 5.3.28+dfsg1-0.8ubuntu3 [648 kB]
Get:27 http://ftpmaster.internal/ubuntu jammy/main armhf libgdbm6 armhf 1.23-1 [30.0 kB]
Get:28 http://ftpmaster.internal/ubuntu jammy/main armhf libgdbm-compat4 armhf 1.23-1 [6070 B]
Get:29 http://ftpmaster.internal/ubuntu jammy-security/main armhf zlib1g armhf 1:1.2.11.dfsg-2ubuntu9.2 [51.7 kB]
Get:30 http://ftpmaster.internal/ubuntu jammy/main armhf debconf all 1.5.79ubuntu1 [126 kB]
Get:31 http://ftpmaster.internal/ubuntu jammy-updates/main armhf libcom-err2 armhf 1.46.5-2ubuntu1.2 [8432 B]
Get:32 http://ftpmaster.internal/ubuntu jammy/main armhf libkeyutils1 armhf 1.6.1-2ubuntu3 [8966 B]
Get:33 http://ftpmaster.internal/ubuntu jammy-security/main armhf libtirpc3 armhf 1.3.2-2ubuntu0.1 [72.7 kB]
Get:34 http://ftpmaster.internal/ubuntu jammy/main armhf libnsl2 armhf 1.3.0-2build2 [36.6 kB]
Get:35 http://ftpmaster.internal/ubuntu jammy-security/main armhf linux-libc-dev armhf 5.15.0-164.174 [1288 kB]
Get:36 http://ftpmaster.internal/ubuntu jammy-security/main armhf gcc-12-base armhf 12.3.0-1ubuntu1~22.04.2 [20.6 kB]
Get:37 http://ftpmaster.internal/ubuntu jammy-security/main armhf libgcc-s1 armhf 12.3.0-1ubuntu1~22.04.2 [42.7 kB]
Get:38 http://ftpmaster.internal/ubuntu jammy-updates/main armhf base-files armhf 12ubuntu4.7 [61.6 kB]
Get:39 http://ftpmaster.internal/ubuntu jammy/main armhf debianutils armhf 5.5-1ubuntu2 [106 kB]
Get:40 http://ftpmaster.internal/ubuntu jammy-security/main armhf bash armhf 5.1-6ubuntu1.1 [655 kB]
Get:41 http://ftpmaster.internal/ubuntu jammy-security/main armhf bsdutils armhf 1:2.37.2-4ubuntu3.4 [86.9 kB]
Get:42 http://ftpmaster.internal/ubuntu jammy-updates/main armhf coreutils armhf 8.32-4.1ubuntu1.2 [1301 kB]
Get:43 http://ftpmaster.internal/ubuntu jammy/main armhf libgpg-error0 armhf 1.43-3 [61.9 kB]
Get:44 http://ftpmaster.internal/ubuntu jammy/main armhf libgcrypt20 armhf 1.9.4-3ubuntu3 [439 kB]
Get:45 http://ftpmaster.internal/ubuntu jammy/main armhf liblz4-1 armhf 1.9.3-2build2 [54.8 kB]
Get:46 http://ftpmaster.internal/ubuntu jammy/main armhf liblzma5 armhf 5.2.5-2ubuntu1 [87.0 kB]
Get:47 http://ftpmaster.internal/ubuntu jammy-security/main armhf libstdc++6 armhf 12.3.0-1ubuntu1~22.04.2 [614 kB]
Get:48 http://ftpmaster.internal/ubuntu jammy/main armhf libargon2-1 armhf 0~20171227-0.3 [21.0 kB]
Get:49 http://ftpmaster.internal/ubuntu jammy-security/main armhf libblkid1 armhf 2.37.2-4ubuntu3.4 [136 kB]
Get:50 http://ftpmaster.internal/ubuntu jammy-security/main armhf libpcre2-8-0 armhf 10.39-3ubuntu0.1 [191 kB]
Get:51 http://ftpmaster.internal/ubuntu jammy/main armhf libselinux1 armhf 3.3-1build2 [66.8 kB]
Get:52 http://ftpmaster.internal/ubuntu jammy-updates/main armhf libudev1 armhf 249.11-0ubuntu3.17 [69.4 kB]
Get:53 http://ftpmaster.internal/ubuntu jammy-updates/main armhf libdevmapper1.02.1 armhf 2:1.02.175-2.1ubuntu5 [134 kB]
Get:54 http://ftpmaster.internal/ubuntu jammy-security/main armhf libjson-c5 armhf 0.15-3~ubuntu1.22.04.2 [29.0 kB]
Get:55 http://ftpmaster.internal/ubuntu jammy-security/main armhf libuuid1 armhf 2.37.2-4ubuntu3.4 [23.3 kB]
Get:56 http://ftpmaster.internal/ubuntu jammy-updates/main armhf libcryptsetup12 armhf 2:2.4.3-1ubuntu1.3 [188 kB]
Get:57 http://ftpmaster.internal/ubuntu jammy/main armhf libgmp10 armhf 2:6.2.1+dfsg-3ubuntu1 [205 kB]
Get:58 http://ftpmaster.internal/ubuntu jammy/main armhf libnettle8 armhf 3.7.3-1build2 [174 kB]
Get:59 http://ftpmaster.internal/ubuntu jammy/main armhf libhogweed6 armhf 3.7.3-1build2 [187 kB]
Get:60 http://ftpmaster.internal/ubuntu jammy/main armhf libunistring2 armhf 1.0-1 [533 kB]
Get:61 http://ftpmaster.internal/ubuntu jammy/main armhf libidn2-0 armhf 2.3.2-2build1 [67.6 kB]
Get:62 http://ftpmaster.internal/ubuntu jammy/main armhf libffi8 armhf 3.4.2-4 [19.0 kB]
Get:63 http://ftpmaster.internal/ubuntu jammy/main armhf libp11-kit0 armhf 0.24.0-6build1 [219 kB]
Get:64 http://ftpmaster.internal/ubuntu jammy-security/main armhf libtasn1-6 armhf 4.18.0-4ubuntu0.2 [36.8 kB]
Get:65 http://ftpmaster.internal/ubuntu jammy-security/main armhf libgnutls30 armhf 3.7.3-4ubuntu1.7 [935 kB]
Get:66 http://ftpmaster.internal/ubuntu jammy-updates/main armhf systemd-sysv armhf 249.11-0ubuntu3.17 [10.5 kB]
Get:67 http://ftpmaster.internal/ubuntu jammy-updates/main armhf systemd-timesyncd armhf 249.11-0ubuntu3.17 [31.0 kB]
Get:68 http://ftpmaster.internal/ubuntu jammy/main armhf libacl1 armhf 2.3.1-1 [14.9 kB]
Get:69 http://ftpmaster.internal/ubuntu jammy-updates/main armhf libapparmor1 armhf 3.0.4-2ubuntu2.5 [34.0 kB]
Get:70 http://ftpmaster.internal/ubuntu jammy-updates/main armhf libip4tc2 armhf 1.8.7-1ubuntu5.2 [17.8 kB]
Get:71 http://ftpmaster.internal/ubuntu jammy/main armhf libzstd1 armhf 1.4.8+dfsg-3build1 [285 kB]
Get:72 http://ftpmaster.internal/ubuntu jammy/main armhf libkmod2 armhf 29-1ubuntu1 [40.9 kB]
Get:73 http://ftpmaster.internal/ubuntu jammy-security/main armhf libmount1 armhf 2.37.2-4ubuntu3.4 [152 kB]
Get:74 http://ftpmaster.internal/ubuntu jammy-updates/main armhf libseccomp2 armhf 2.5.3-2ubuntu3~22.04.1 [46.9 kB]
Get:75 http://ftpmaster.internal/ubuntu jammy-security/main armhf login armhf 1:4.8.1-2ubuntu2.2 [186 kB]
Get:76 http://ftpmaster.internal/ubuntu jammy-security/main armhf util-linux armhf 2.37.2-4ubuntu3.4 [1130 kB]
Get:77 http://ftpmaster.internal/ubuntu jammy-security/main armhf mount armhf 2.37.2-4ubuntu3.4 [125 kB]
Get:78 http://ftpmaster.internal/ubuntu jammy-updates/main armhf systemd armhf 249.11-0ubuntu3.17 [4491 kB]
Get:79 http://ftpmaster.internal/ubuntu jammy-updates/main armhf libsystemd0 armhf 249.11-0ubuntu3.17 [295 kB]
Get:80 http://ftpmaster.internal/ubuntu jammy/main armhf libxxhash0 armhf 0.8.1-1 [26.3 kB]
Get:81 http://ftpmaster.internal/ubuntu jammy-updates/main armhf libapt-pkg6.0 armhf 2.4.14 [905 kB]
Get:82 http://ftpmaster.internal/ubuntu jammy-security/main armhf tar armhf 1.34+dfsg-1ubuntu0.1.22.04.2 [272 kB]
Get:83 http://ftpmaster.internal/ubuntu jammy-security/main armhf dpkg armhf 1.21.1ubuntu2.6 [1188 kB]
Get:84 http://ftpmaster.internal/ubuntu jammy/main armhf dash armhf 0.5.11+git20210903+057cd650a4ed-3build1 [83.8 kB]
Get:85 http://ftpmaster.internal/ubuntu jammy/main armhf diffutils armhf 1:3.8-0ubuntu2 [164 kB]
Get:86 http://ftpmaster.internal/ubuntu jammy/main armhf findutils armhf 4.8.0-1ubuntu3 [323 kB]
Get:87 http://ftpmaster.internal/ubuntu jammy/main armhf grep armhf 3.7-1build1 [150 kB]
Get:88 http://ftpmaster.internal/ubuntu jammy-updates/main armhf gzip armhf 1.10-4ubuntu4.1 [95.3 kB]
Get:89 http://ftpmaster.internal/ubuntu jammy/main armhf hostname armhf 3.23ubuntu2 [10.7 kB]
Get:90 http://ftpmaster.internal/ubuntu jammy-security/main armhf libncurses6 armhf 6.3-2ubuntu0.1 [87.5 kB]
Get:91 http://ftpmaster.internal/ubuntu jammy-security/main armhf libncursesw6 armhf 6.3-2ubuntu0.1 [118 kB]
Get:92 http://ftpmaster.internal/ubuntu jammy-security/main armhf libtinfo6 armhf 6.3-2ubuntu0.1 [88.2 kB]
Get:93 http://ftpmaster.internal/ubuntu jammy-security/main armhf ncurses-bin armhf 6.3-2ubuntu0.1 [175 kB]
Get:94 http://ftpmaster.internal/ubuntu jammy/main armhf sed armhf 4.8-1ubuntu2 [186 kB]
Get:95 http://ftpmaster.internal/ubuntu jammy/main armhf libdebconfclient0 armhf 0.261ubuntu1 [6552 B]
Get:96 http://ftpmaster.internal/ubuntu jammy/main armhf base-passwd armhf 3.5.52build1 [49.2 kB]
Get:97 http://ftpmaster.internal/ubuntu jammy/main armhf init-system-helpers all 1.62 [38.5 kB]
Get:98 http://ftpmaster.internal/ubuntu jammy-security/main armhf ncurses-base all 6.3-2ubuntu0.1 [20.2 kB]
Get:99 http://ftpmaster.internal/ubuntu jammy/main armhf lsb-base all 11.1.0ubuntu4 [12.3 kB]
Get:100 http://ftpmaster.internal/ubuntu jammy/main armhf sysvinit-utils armhf 3.01-1ubuntu1 [20.5 kB]
Get:101 http://ftpmaster.internal/ubuntu jammy-security/main armhf gpgv armhf 2.2.27-3ubuntu2.5 [186 kB]
Get:102 http://ftpmaster.internal/ubuntu jammy-updates/main armhf apt armhf 2.4.14 [1353 kB]
Get:103 http://ftpmaster.internal/ubuntu jammy/main armhf libsepol2 armhf 3.3-1build1 [259 kB]
Get:104 http://ftpmaster.internal/ubuntu jammy/main armhf libsemanage-common all 3.3-1build2 [9874 B]
Get:105 http://ftpmaster.internal/ubuntu jammy/main armhf libsemanage2 armhf 3.3-1build2 [83.9 kB]
Get:106 http://ftpmaster.internal/ubuntu jammy-security/main armhf passwd armhf 1:4.8.1-2ubuntu2.2 [742 kB]
Get:107 http://ftpmaster.internal/ubuntu jammy-security/main armhf libpam-modules-bin armhf 1.4.0-11ubuntu2.6 [35.6 kB]
Get:108 http://ftpmaster.internal/ubuntu jammy-security/main armhf libpam-modules armhf 1.4.0-11ubuntu2.6 [265 kB]
Get:109 http://ftpmaster.internal/ubuntu jammy-updates/main armhf logsave armhf 1.46.5-2ubuntu1.2 [9526 B]
Get:110 http://ftpmaster.internal/ubuntu jammy-updates/main armhf libext2fs2 armhf 1.46.5-2ubuntu1.2 [191 kB]
Get:111 http://ftpmaster.internal/ubuntu jammy-updates/main armhf e2fsprogs armhf 1.46.5-2ubuntu1.2 [566 kB]
Get:112 http://ftpmaster.internal/ubuntu jammy/main armhf init armhf 1.62 [5412 B]
Get:113 http://ftpmaster.internal/ubuntu jammy/main armhf libattr1 armhf 1:2.5.1-1build1 [12.1 kB]
Get:114 http://ftpmaster.internal/ubuntu jammy-security/main armhf libcap2 armhf 1:2.44-1ubuntu0.22.04.2 [15.5 kB]
Get:115 http://ftpmaster.internal/ubuntu jammy-security/main armhf libpam-runtime all 1.4.0-11ubuntu2.6 [40.2 kB]
Get:116 http://ftpmaster.internal/ubuntu jammy-security/main armhf libpcre3 armhf 2:8.39-13ubuntu0.22.04.1 [225 kB]
Get:117 http://ftpmaster.internal/ubuntu jammy-security/main armhf libsmartcols1 armhf 2.37.2-4ubuntu3.4 [93.6 kB]
Get:118 http://ftpmaster.internal/ubuntu jammy-security/main armhf libprocps8 armhf 2:3.3.17-6ubuntu2.1 [32.8 kB]
Get:119 http://ftpmaster.internal/ubuntu jammy-updates/main armhf libss2 armhf 1.46.5-2ubuntu1.2 [10.1 kB]
Get:120 http://ftpmaster.internal/ubuntu jammy/main armhf mawk armhf 1.3.4.20200120-3 [91.5 kB]
Get:121 http://ftpmaster.internal/ubuntu jammy-security/main armhf procps armhf 2:3.3.17-6ubuntu2.1 [373 kB]
Get:122 http://ftpmaster.internal/ubuntu jammy/main armhf sensible-utils all 0.0.17 [20.1 kB]
Get:123 http://ftpmaster.internal/ubuntu jammy/main armhf usrmerge all 25ubuntu2 [54.7 kB]
Get:124 http://ftpmaster.internal/ubuntu jammy-security/main armhf openssl armhf 3.0.2-0ubuntu1.21 [1154 kB]
Get:125 http://ftpmaster.internal/ubuntu jammy-security/main armhf ca-certificates all 20240203~22.04.1 [162 kB]
Get:126 http://ftpmaster.internal/ubuntu jammy/main armhf readline-common all 8.1.2-1 [53.5 kB]
Get:127 http://ftpmaster.internal/ubuntu jammy/main armhf libreadline8 armhf 8.1.2-1 [128 kB]
Get:128 http://ftpmaster.internal/ubuntu jammy-security/main armhf libsqlite3-0 armhf 3.37.2-2ubuntu0.5 [549 kB]
Get:129 http://ftpmaster.internal/ubuntu jammy-security/main armhf tzdata all 2025b-0ubuntu0.22.04.1 [347 kB]
Get:130 http://ftpmaster.internal/ubuntu jammy-security/main armhf libpng16-16 armhf 1.6.37-3ubuntu0.3 [171 kB]
Get:131 http://ftpmaster.internal/ubuntu jammy/main armhf xz-utils armhf 5.2.5-2ubuntu1 [84.6 kB]
Get:132 http://ftpmaster.internal/ubuntu jammy-security/main armhf advancecomp armhf 2.1-2.1ubuntu2.1 [185 kB]
Get:133 http://ftpmaster.internal/ubuntu jammy-security/main armhf libctf0 armhf 2.38-4ubuntu2.12 [94.1 kB]
Get:134 http://ftpmaster.internal/ubuntu jammy-security/main armhf libctf-nobfd0 armhf 2.38-4ubuntu2.12 [95.8 kB]
Get:135 http://ftpmaster.internal/ubuntu jammy-security/main armhf binutils-arm-linux-gnueabihf armhf 2.38-4ubuntu2.12 [3060 kB]
Get:136 http://ftpmaster.internal/ubuntu jammy-security/main armhf libbinutils armhf 2.38-4ubuntu2.12 [497 kB]
Get:137 http://ftpmaster.internal/ubuntu jammy-security/main armhf binutils armhf 2.38-4ubuntu2.12 [3164 B]
Get:138 http://ftpmaster.internal/ubuntu jammy-security/main armhf binutils-common armhf 2.38-4ubuntu2.12 [223 kB]
Get:139 http://ftpmaster.internal/ubuntu jammy/main armhf make armhf 4.3-4.1build1 [163 kB]
Get:140 http://ftpmaster.internal/ubuntu jammy-security/main armhf dpkg-dev all 1.21.1ubuntu2.6 [922 kB]
Get:141 http://ftpmaster.internal/ubuntu jammy-security/main armhf libdpkg-perl all 1.21.1ubuntu2.6 [237 kB]
Get:142 http://ftpmaster.internal/ubuntu jammy/main armhf patch armhf 2.7.6-7build2 [111 kB]
Get:143 http://ftpmaster.internal/ubuntu jammy/main armhf lto-disabled-list all 24 [12.5 kB]
Get:144 http://ftpmaster.internal/ubuntu jammy/main armhf build-essential armhf 12.9ubuntu3 [4744 B]
Get:145 http://ftpmaster.internal/ubuntu jammy-security/main armhf libubsan1 armhf 12.3.0-1ubuntu1~22.04.2 [958 kB]
Get:146 http://ftpmaster.internal/ubuntu jammy-security/main armhf libgomp1 armhf 12.3.0-1ubuntu1~22.04.2 [110 kB]
Get:147 http://ftpmaster.internal/ubuntu jammy-security/main armhf libatomic1 armhf 12.3.0-1ubuntu1~22.04.2 [7650 B]
Get:148 http://ftpmaster.internal/ubuntu jammy-security/main armhf libasan6 armhf 11.4.0-1ubuntu1~22.04.2 [2242 kB]
Get:149 http://ftpmaster.internal/ubuntu jammy-security/main armhf g++-11 armhf 11.4.0-1ubuntu1~22.04.2 [9040 kB]
Get:150 http://ftpmaster.internal/ubuntu jammy-security/main armhf libstdc++-11-dev armhf 11.4.0-1ubuntu1~22.04.2 [2154 kB]
Get:151 http://ftpmaster.internal/ubuntu jammy-security/main armhf gcc-11 armhf 11.4.0-1ubuntu1~22.04.2 [15.8 MB]
Get:152 http://ftpmaster.internal/ubuntu jammy-security/main armhf libgcc-11-dev armhf 11.4.0-1ubuntu1~22.04.2 [836 kB]
Get:153 http://ftpmaster.internal/ubuntu jammy-security/main armhf libcc1-0 armhf 12.3.0-1ubuntu1~22.04.2 [39.0 kB]
Get:154 http://ftpmaster.internal/ubuntu jammy-security/main armhf cpp-11 armhf 11.4.0-1ubuntu1~22.04.2 [7851 kB]
Get:155 http://ftpmaster.internal/ubuntu jammy-security/main armhf gcc-11-base armhf 11.4.0-1ubuntu1~22.04.2 [20.8 kB]
Get:156 http://ftpmaster.internal/ubuntu jammy/main armhf libisl23 armhf 0.24-2build1 [581 kB]
Get:157 http://ftpmaster.internal/ubuntu jammy/main armhf libmpfr6 armhf 4.1.0-3build3 [217 kB]
Get:158 http://ftpmaster.internal/ubuntu jammy/main armhf libmpc3 armhf 1.2.1-2build1 [39.5 kB]
Get:159 http://ftpmaster.internal/ubuntu jammy/main armhf libfakeroot armhf 1.28-1ubuntu1 [26.3 kB]
Get:160 http://ftpmaster.internal/ubuntu jammy/main armhf fakeroot armhf 1.28-1ubuntu1 [62.2 kB]
Get:161 http://ftpmaster.internal/ubuntu jammy/main armhf libassuan0 armhf 2.5.5-1build1 [31.3 kB]
Get:162 http://ftpmaster.internal/ubuntu jammy/main armhf pinentry-curses armhf 1.1.1-1build2 [35.6 kB]
Get:163 http://ftpmaster.internal/ubuntu jammy/main armhf libnpth0 armhf 1.6-3build2 [7230 B]
Get:164 http://ftpmaster.internal/ubuntu jammy-security/main armhf gpg armhf 2.2.27-3ubuntu2.5 [483 kB]
Get:165 http://ftpmaster.internal/ubuntu jammy-security/main armhf gpgconf armhf 2.2.27-3ubuntu2.5 [115 kB]
Get:166 http://ftpmaster.internal/ubuntu jammy-security/main armhf gpg-agent armhf 2.2.27-3ubuntu2.5 [227 kB]
Get:167 http://ftpmaster.internal/ubuntu jammy/main armhf liblockfile-bin armhf 1.17-1build2 [11.0 kB]
Get:168 http://ftpmaster.internal/ubuntu jammy/main armhf liblockfile1 armhf 1.17-1build2 [5930 B]
Get:169 http://ftpmaster.internal/ubuntu jammy/main armhf lockfile-progs armhf 0.1.19build1 [9506 B]
Get:170 http://ftpmaster.internal/ubuntu jammy/main armhf optipng armhf 0.7.7-2build1 [84.8 kB]
Get:171 http://ftpmaster.internal/ubuntu jammy-updates/main armhf pkgbinarymangler all 149.22.04.0 [32.5 kB]
debconf: delaying package configuration, since apt-utils is not installed
Fetched 90.4 MB in 8s (11.3 MB/s)
(Reading database ... 12985 files and directories currently installed.)
Preparing to unpack .../0-rpcsvc-proto_1.4.2-0ubuntu6_armhf.deb ...
Unpacking rpcsvc-proto (1.4.2-0ubuntu6) over (1.4.2-0ubuntu5) ...
Preparing to unpack .../1-libnsl-dev_1.3.0-2build2_armhf.deb ...
Unpacking libnsl-dev:armhf (1.3.0-2build2) over (1.3.0-2build1) ...
Preparing to unpack .../2-libcrypt-dev_1%3a4.4.27-1_armhf.deb ...
Unpacking libcrypt-dev:armhf (1:4.4.27-1) over (1:4.4.18-4ubuntu2) ...
Preparing to unpack .../3-libc6-dev_2.35-0ubuntu3.12_armhf.deb ...
Unpacking libc6-dev:armhf (2.35-0ubuntu3.12) over (2.34-0ubuntu3) ...
Preparing to unpack .../4-libc-dev-bin_2.35-0ubuntu3.12_armhf.deb ...
Unpacking libc-dev-bin (2.35-0ubuntu3.12) over (2.34-0ubuntu3) ...
Preparing to unpack .../5-libtirpc-common_1.3.2-2ubuntu0.1_all.deb ...
Unpacking libtirpc-common (1.3.2-2ubuntu0.1) over (1.3.2-2) ...
Setting up libtirpc-common (1.3.2-2ubuntu0.1) ...
(Reading database ... 12990 files and directories currently installed.)
Preparing to unpack .../libtirpc-dev_1.3.2-2ubuntu0.1_armhf.deb ...
Unpacking libtirpc-dev:armhf (1.3.2-2ubuntu0.1) over (1.3.2-2) ...
Selecting previously unselected package libssl3:armhf.
Preparing to unpack .../libssl3_3.0.2-0ubuntu1.21_armhf.deb ...
Unpacking libssl3:armhf (3.0.2-0ubuntu1.21) ...
Setting up libssl3:armhf (3.0.2-0ubuntu1.21) ...
(Reading database ... 13001 files and directories currently installed.)
Preparing to unpack .../libk5crypto3_1.19.2-2ubuntu0.7_armhf.deb ...
Unpacking libk5crypto3:armhf (1.19.2-2ubuntu0.7) over (1.18.3-6) ...
Setting up libk5crypto3:armhf (1.19.2-2ubuntu0.7) ...
(Reading database ... 13001 files and directories currently installed.)
Preparing to unpack .../libkrb5support0_1.19.2-2ubuntu0.7_armhf.deb ...
Unpacking libkrb5support0:armhf (1.19.2-2ubuntu0.7) over (1.18.3-6) ...
Setting up libkrb5support0:armhf (1.19.2-2ubuntu0.7) ...
(Reading database ... 13001 files and directories currently installed.)
Preparing to unpack .../libkrb5-3_1.19.2-2ubuntu0.7_armhf.deb ...
Unpacking libkrb5-3:armhf (1.19.2-2ubuntu0.7) over (1.18.3-6) ...
Setting up libkrb5-3:armhf (1.19.2-2ubuntu0.7) ...
(Reading database ... 13001 files and directories currently installed.)
Preparing to unpack .../libgssapi-krb5-2_1.19.2-2ubuntu0.7_armhf.deb ...
Unpacking libgssapi-krb5-2:armhf (1.19.2-2ubuntu0.7) over (1.18.3-6) ...
Setting up libgssapi-krb5-2:armhf (1.19.2-2ubuntu0.7) ...
(Reading database ... 13001 files and directories currently installed.)
Preparing to unpack .../libc6_2.35-0ubuntu3.12_armhf.deb ...
Checking for services that may need to be restarted...
Checking init scripts...
Checking for services that may need to be restarted...
Checking init scripts...
Nothing to restart.
Unpacking libc6:armhf (2.35-0ubuntu3.12) over (2.34-0ubuntu3) ...
Setting up libc6:armhf (2.35-0ubuntu3.12) ...
Checking for services that may need to be restarted...
Checking init scripts...
Nothing to restart.
(Reading database ... 13000 files and directories currently installed.)
Preparing to unpack .../libc-bin_2.35-0ubuntu3.12_armhf.deb ...
Unpacking libc-bin (2.35-0ubuntu3.12) over (2.34-0ubuntu3) ...
Setting up libc-bin (2.35-0ubuntu3.12) ...
(Reading database ... 12998 files and directories currently installed.)
Preparing to unpack .../perl_5.34.0-3ubuntu1.5_armhf.deb ...
Unpacking perl (5.34.0-3ubuntu1.5) over (5.32.1-3ubuntu3) ...
Selecting previously unselected package perl-modules-5.34.
Preparing to unpack .../perl-modules-5.34_5.34.0-3ubuntu1.5_all.deb ...
Unpacking perl-modules-5.34 (5.34.0-3ubuntu1.5) ...
Selecting previously unselected package libperl5.34:armhf.
Preparing to unpack .../libperl5.34_5.34.0-3ubuntu1.5_armhf.deb ...
Unpacking libperl5.34:armhf (5.34.0-3ubuntu1.5) ...
Preparing to unpack .../perl-base_5.34.0-3ubuntu1.5_armhf.deb ...
Unpacking perl-base (5.34.0-3ubuntu1.5) over (5.32.1-3ubuntu3) ...
Setting up perl-base (5.34.0-3ubuntu1.5) ...
(Reading database ... 14906 files and directories currently installed.)
Preparing to unpack .../bzip2_1.0.8-5build1_armhf.deb ...
Unpacking bzip2 (1.0.8-5build1) over (1.0.8-4ubuntu4) ...
Preparing to unpack .../libbz2-1.0_1.0.8-5build1_armhf.deb ...
Unpacking libbz2-1.0:armhf (1.0.8-5build1) over (1.0.8-4ubuntu4) ...
Setting up libbz2-1.0:armhf (1.0.8-5build1) ...
(Reading database ... 14906 files and directories currently installed.)
Preparing to unpack .../libaudit-common_1%3a3.0.7-1build1_all.deb ...
Unpacking libaudit-common (1:3.0.7-1build1) over (1:3.0-2ubuntu3) ...
Setting up libaudit-common (1:3.0.7-1build1) ...
(Reading database ... 14906 files and directories currently installed.)
Preparing to unpack .../libcap-ng0_0.7.9-2.2build3_armhf.deb ...
Unpacking libcap-ng0:armhf (0.7.9-2.2build3) over (0.7.9-2.2build2) ...
Setting up libcap-ng0:armhf (0.7.9-2.2build3) ...
(Reading database ... 14906 files and directories currently installed.)
Preparing to unpack .../libaudit1_1%3a3.0.7-1build1_armhf.deb ...
Unpacking libaudit1:armhf (1:3.0.7-1build1) over (1:3.0-2ubuntu3) ...
Setting up libaudit1:armhf (1:3.0.7-1build1) ...
(Reading database ... 14906 files and directories currently installed.)
Preparing to unpack .../libpam0g_1.4.0-11ubuntu2.6_armhf.deb ...
Unpacking libpam0g:armhf (1.4.0-11ubuntu2.6) over (1.3.1-5ubuntu11) ...
Setting up libpam0g:armhf (1.4.0-11ubuntu2.6) ...
Checking for services that may need to be restarted...Checking init scripts...
Nothing to restart.
(Reading database ... 14906 files and directories currently installed.)
Preparing to unpack .../libcrypt1_1%3a4.4.27-1_armhf.deb ...
Unpacking libcrypt1:armhf (1:4.4.27-1) over (1:4.4.18-4ubuntu2) ...
Setting up libcrypt1:armhf (1:4.4.27-1) ...
(Reading database ... 14906 files and directories currently installed.)
Preparing to unpack .../libdb5.3_5.3.28+dfsg1-0.8ubuntu3_armhf.deb ...
Unpacking libdb5.3:armhf (5.3.28+dfsg1-0.8ubuntu3) over (5.3.28+dfsg1-0.8ubuntu2) ...
Setting up libdb5.3:armhf (5.3.28+dfsg1-0.8ubuntu3) ...
(Reading database ... 14906 files and directories currently installed.)
Preparing to unpack .../libgdbm6_1.23-1_armhf.deb ...
Unpacking libgdbm6:armhf (1.23-1) over (1.19-2build1) ...
Preparing to unpack .../libgdbm-compat4_1.23-1_armhf.deb ...
Unpacking libgdbm-compat4:armhf (1.23-1) over (1.19-2build1) ...
Preparing to unpack .../zlib1g_1%3a1.2.11.dfsg-2ubuntu9.2_armhf.deb ...
Unpacking zlib1g:armhf (1:1.2.11.dfsg-2ubuntu9.2) over (1:1.2.11.dfsg-2ubuntu7) ...
Setting up zlib1g:armhf (1:1.2.11.dfsg-2ubuntu9.2) ...
(Reading database ... 14906 files and directories currently installed.)
Preparing to unpack .../debconf_1.5.79ubuntu1_all.deb ...
Unpacking debconf (1.5.79ubuntu1) over (1.5.77) ...
Setting up debconf (1.5.79ubuntu1) ...
(Reading database ... 14905 files and directories currently installed.)
Preparing to unpack .../libcom-err2_1.46.5-2ubuntu1.2_armhf.deb ...
Unpacking libcom-err2:armhf (1.46.5-2ubuntu1.2) over (1.46.3-1ubuntu3) ...
Setting up libcom-err2:armhf (1.46.5-2ubuntu1.2) ...
(Reading database ... 14905 files and directories currently installed.)
Preparing to unpack .../libkeyutils1_1.6.1-2ubuntu3_armhf.deb ...
Unpacking libkeyutils1:armhf (1.6.1-2ubuntu3) over (1.6.1-2ubuntu2) ...
Setting up libkeyutils1:armhf (1.6.1-2ubuntu3) ...
(Reading database ... 14905 files and directories currently installed.)
Preparing to unpack .../libtirpc3_1.3.2-2ubuntu0.1_armhf.deb ...
Unpacking libtirpc3:armhf (1.3.2-2ubuntu0.1) over (1.3.2-2) ...
Setting up libtirpc3:armhf (1.3.2-2ubuntu0.1) ...
(Reading database ... 14905 files and directories currently installed.)
Preparing to unpack .../libnsl2_1.3.0-2build2_armhf.deb ...
Unpacking libnsl2:armhf (1.3.0-2build2) over (1.3.0-2build1) ...
Setting up libnsl2:armhf (1.3.0-2build2) ...
(Reading database ... 14905 files and directories currently installed.)
Preparing to unpack .../linux-libc-dev_5.15.0-164.174_armhf.deb ...
Unpacking linux-libc-dev:armhf (5.15.0-164.174) over (5.13.0-19.19) ...
Selecting previously unselected package gcc-12-base:armhf.
Preparing to unpack .../gcc-12-base_12.3.0-1ubuntu1~22.04.2_armhf.deb ...
Unpacking gcc-12-base:armhf (12.3.0-1ubuntu1~22.04.2) ...
Setting up gcc-12-base:armhf (12.3.0-1ubuntu1~22.04.2) ...
(Reading database ... 14921 files and directories currently installed.)
Preparing to unpack .../libgcc-s1_12.3.0-1ubuntu1~22.04.2_armhf.deb ...
Unpacking libgcc-s1:armhf (12.3.0-1ubuntu1~22.04.2) over (11.2.0-7ubuntu2) ...
Setting up libgcc-s1:armhf (12.3.0-1ubuntu1~22.04.2) ...
(Reading database ... 14921 files and directories currently installed.)
Preparing to unpack .../base-files_12ubuntu4.7_armhf.deb ...
Unpacking base-files (12ubuntu4.7) over (12ubuntu1) ...
Setting up base-files (12ubuntu4.7) ...
Installing new version of config file /etc/issue ...
Installing new version of config file /etc/issue.net ...
Installing new version of config file /etc/lsb-release ...
Installing new version of config file /etc/update-motd.d/10-help-text ...
/usr/sbin/policy-rc.d returned 101, not running 'restart motd-news.timer'
/usr/sbin/policy-rc.d returned 101, not running 'restart motd-news.service'
(Reading database ... 14921 files and directories currently installed.)
Preparing to unpack .../debianutils_5.5-1ubuntu2_armhf.deb ...
Unpacking debianutils (5.5-1ubuntu2) over (4.11.2build1) ...
Setting up debianutils (5.5-1ubuntu2) ...
update-alternatives: using /usr/bin/which.debianutils to provide /usr/bin/which (which) in auto mode
(Reading database ... 14925 files and directories currently installed.)
Preparing to unpack .../bash_5.1-6ubuntu1.1_armhf.deb ...
Unpacking bash (5.1-6ubuntu1.1) over (5.1-3ubuntu2) ...
Setting up bash (5.1-6ubuntu1.1) ...
update-alternatives: using /usr/share/man/man7/bash-builtins.7.gz to provide /usr/share/man/man7/builtins.7.gz (builtins.7.gz) in auto mode
(Reading database ... 14925 files and directories currently installed.)
Preparing to unpack .../bsdutils_1%3a2.37.2-4ubuntu3.4_armhf.deb ...
Unpacking bsdutils (1:2.37.2-4ubuntu3.4) over (1:2.36.1-8ubuntu1) ...
Setting up bsdutils (1:2.37.2-4ubuntu3.4) ...
(Reading database ... 14925 files and directories currently installed.)
Preparing to unpack .../coreutils_8.32-4.1ubuntu1.2_armhf.deb ...
Unpacking coreutils (8.32-4.1ubuntu1.2) over (8.32-4ubuntu3) ...
Setting up coreutils (8.32-4.1ubuntu1.2) ...
(Reading database ... 14925 files and directories currently installed.)
Preparing to unpack .../libgpg-error0_1.43-3_armhf.deb ...
Unpacking libgpg-error0:armhf (1.43-3) over (1.38-2build2) ...
Setting up libgpg-error0:armhf (1.43-3) ...
(Reading database ... 14925 files and directories currently installed.)
Preparing to unpack .../libgcrypt20_1.9.4-3ubuntu3_armhf.deb ...
Unpacking libgcrypt20:armhf (1.9.4-3ubuntu3) over (1.8.7-5ubuntu2) ...
Setting up libgcrypt20:armhf (1.9.4-3ubuntu3) ...
(Reading database ... 14925 files and directories currently installed.)
Preparing to unpack .../liblz4-1_1.9.3-2build2_armhf.deb ...
Unpacking liblz4-1:armhf (1.9.3-2build2) over (1.9.3-2build1) ...
Setting up liblz4-1:armhf (1.9.3-2build2) ...
(Reading database ... 14925 files and directories currently installed.)
Preparing to unpack .../liblzma5_5.2.5-2ubuntu1_armhf.deb ...
Unpacking liblzma5:armhf (5.2.5-2ubuntu1) over (5.2.5-2build1) ...
Setting up liblzma5:armhf (5.2.5-2ubuntu1) ...
(Reading database ... 14925 files and directories currently installed.)
Preparing to unpack .../libstdc++6_12.3.0-1ubuntu1~22.04.2_armhf.deb ...
Unpacking libstdc++6:armhf (12.3.0-1ubuntu1~22.04.2) over (11.2.0-7ubuntu2) ...
Setting up libstdc++6:armhf (12.3.0-1ubuntu1~22.04.2) ...
(Reading database ... 14925 files and directories currently installed.)
Preparing to unpack .../libargon2-1_0~20171227-0.3_armhf.deb ...
Unpacking libargon2-1:armhf (0~20171227-0.3) over (0~20171227-0.2build22) ...
Preparing to unpack .../libblkid1_2.37.2-4ubuntu3.4_armhf.deb ...
Unpacking libblkid1:armhf (2.37.2-4ubuntu3.4) over (2.36.1-8ubuntu1) ...
Setting up libblkid1:armhf (2.37.2-4ubuntu3.4) ...
(Reading database ... 14925 files and directories currently installed.)
Preparing to unpack .../libpcre2-8-0_10.39-3ubuntu0.1_armhf.deb ...
Unpacking libpcre2-8-0:armhf (10.39-3ubuntu0.1) over (10.37-0ubuntu2) ...
Setting up libpcre2-8-0:armhf (10.39-3ubuntu0.1) ...
(Reading database ... 14925 files and directories currently installed.)
Preparing to unpack .../libselinux1_3.3-1build2_armhf.deb ...
Unpacking libselinux1:armhf (3.3-1build2) over (3.1-3build2) ...
Setting up libselinux1:armhf (3.3-1build2) ...
(Reading database ... 14925 files and directories currently installed.)
Preparing to unpack .../libudev1_249.11-0ubuntu3.17_armhf.deb ...
Unpacking libudev1:armhf (249.11-0ubuntu3.17) over (248.3-1ubuntu8) ...
Setting up libudev1:armhf (249.11-0ubuntu3.17) ...
(Reading database ... 14925 files and directories currently installed.)
Preparing to unpack .../libdevmapper1.02.1_2%3a1.02.175-2.1ubuntu5_armhf.deb ...
Unpacking libdevmapper1.02.1:armhf (2:1.02.175-2.1ubuntu5) over (2:1.02.175-2.1ubuntu3) ...
Preparing to unpack .../libjson-c5_0.15-3~ubuntu1.22.04.2_armhf.deb ...
Unpacking libjson-c5:armhf (0.15-3~ubuntu1.22.04.2) over (0.15-2build3) ...
Preparing to unpack .../libuuid1_2.37.2-4ubuntu3.4_armhf.deb ...
Unpacking libuuid1:armhf (2.37.2-4ubuntu3.4) over (2.36.1-8ubuntu1) ...
Setting up libuuid1:armhf (2.37.2-4ubuntu3.4) ...
(Reading database ... 14925 files and directories currently installed.)
Preparing to unpack .../libcryptsetup12_2%3a2.4.3-1ubuntu1.3_armhf.deb ...
Unpacking libcryptsetup12:armhf (2:2.4.3-1ubuntu1.3) over (2:2.3.6-0ubuntu1) ...
Preparing to unpack .../libgmp10_2%3a6.2.1+dfsg-3ubuntu1_armhf.deb ...
Unpacking libgmp10:armhf (2:6.2.1+dfsg-3ubuntu1) over (2:6.2.1+dfsg-1ubuntu3) ...
Setting up libgmp10:armhf (2:6.2.1+dfsg-3ubuntu1) ...
(Reading database ... 14927 files and directories currently installed.)
Preparing to unpack .../libnettle8_3.7.3-1build2_armhf.deb ...
Unpacking libnettle8:armhf (3.7.3-1build2) over (3.7.3-1build1) ...
Setting up libnettle8:armhf (3.7.3-1build2) ...
(Reading database ... 14927 files and directories currently installed.)
Preparing to unpack .../libhogweed6_3.7.3-1build2_armhf.deb ...
Unpacking libhogweed6:armhf (3.7.3-1build2) over (3.7.3-1build1) ...
Setting up libhogweed6:armhf (3.7.3-1build2) ...
(Reading database ... 14927 files and directories currently installed.)
Preparing to unpack .../libunistring2_1.0-1_armhf.deb ...
Unpacking libunistring2:armhf (1.0-1) over (0.9.10-6) ...
Setting up libunistring2:armhf (1.0-1) ...
(Reading database ... 14927 files and directories currently installed.)
Preparing to unpack .../libidn2-0_2.3.2-2build1_armhf.deb ...
Unpacking libidn2-0:armhf (2.3.2-2build1) over (2.3.1-1build1) ...
Setting up libidn2-0:armhf (2.3.2-2build1) ...
(Reading database ... 14927 files and directories currently installed.)
Preparing to unpack .../libffi8_3.4.2-4_armhf.deb ...
Unpacking libffi8:armhf (3.4.2-4) over (3.4.2-1ubuntu5) ...
Setting up libffi8:armhf (3.4.2-4) ...
(Reading database ... 14927 files and directories currently installed.)
Preparing to unpack .../libp11-kit0_0.24.0-6build1_armhf.deb ...
Unpacking libp11-kit0:armhf (0.24.0-6build1) over (0.23.22-1build1) ...
Setting up libp11-kit0:armhf (0.24.0-6build1) ...
(Reading database ... 14927 files and directories currently installed.)
Preparing to unpack .../libtasn1-6_4.18.0-4ubuntu0.2_armhf.deb ...
Unpacking libtasn1-6:armhf (4.18.0-4ubuntu0.2) over (4.16.0-2build1) ...
Setting up libtasn1-6:armhf (4.18.0-4ubuntu0.2) ...
(Reading database ... 14927 files and directories currently installed.)
Preparing to unpack .../libgnutls30_3.7.3-4ubuntu1.7_armhf.deb ...
Unpacking libgnutls30:armhf (3.7.3-4ubuntu1.7) over (3.7.1-5ubuntu1) ...
Setting up libgnutls30:armhf (3.7.3-4ubuntu1.7) ...
(Reading database ... 14927 files and directories currently installed.)
Preparing to unpack .../systemd-sysv_249.11-0ubuntu3.17_armhf.deb ...
Unpacking systemd-sysv (249.11-0ubuntu3.17) over (248.3-1ubuntu8) ...
Preparing to unpack .../systemd-timesyncd_249.11-0ubuntu3.17_armhf.deb ...
Unpacking systemd-timesyncd (249.11-0ubuntu3.17) over (248.3-1ubuntu8) ...
Preparing to unpack .../libacl1_2.3.1-1_armhf.deb ...
Unpacking libacl1:armhf (2.3.1-1) over (2.2.53-10ubuntu2) ...
Setting up libacl1:armhf (2.3.1-1) ...
(Reading database ... 14928 files and directories currently installed.)
Preparing to unpack .../libapparmor1_3.0.4-2ubuntu2.5_armhf.deb ...
Unpacking libapparmor1:armhf (3.0.4-2ubuntu2.5) over (3.0.3-0ubuntu1) ...
Preparing to unpack .../libip4tc2_1.8.7-1ubuntu5.2_armhf.deb ...
Unpacking libip4tc2:armhf (1.8.7-1ubuntu5.2) over (1.8.7-1ubuntu3) ...
Preparing to unpack .../libzstd1_1.4.8+dfsg-3build1_armhf.deb ...
Unpacking libzstd1:armhf (1.4.8+dfsg-3build1) over (1.4.8+dfsg-2.1build1) ...
Setting up libzstd1:armhf (1.4.8+dfsg-3build1) ...
(Reading database ... 14927 files and directories currently installed.)
Preparing to unpack .../libkmod2_29-1ubuntu1_armhf.deb ...
Unpacking libkmod2:armhf (29-1ubuntu1) over (28-1ubuntu4) ...
Preparing to unpack .../libmount1_2.37.2-4ubuntu3.4_armhf.deb ...
Unpacking libmount1:armhf (2.37.2-4ubuntu3.4) over (2.36.1-8ubuntu1) ...
Setting up libmount1:armhf (2.37.2-4ubuntu3.4) ...
(Reading database ... 14927 files and directories currently installed.)
Preparing to unpack .../libseccomp2_2.5.3-2ubuntu3~22.04.1_armhf.deb ...
Unpacking libseccomp2:armhf (2.5.3-2ubuntu3~22.04.1) over (2.5.1-1ubuntu1) ...
Setting up libseccomp2:armhf (2.5.3-2ubuntu3~22.04.1) ...
(Reading database ... 14927 files and directories currently installed.)
Preparing to unpack .../login_1%3a4.8.1-2ubuntu2.2_armhf.deb ...
Unpacking login (1:4.8.1-2ubuntu2.2) over (1:4.8.1-1ubuntu9) ...
Setting up login (1:4.8.1-2ubuntu2.2) ...
(Reading database ... 14927 files and directories currently installed.)
Preparing to unpack .../util-linux_2.37.2-4ubuntu3.4_armhf.deb ...
Unpacking util-linux (2.37.2-4ubuntu3.4) over (2.36.1-8ubuntu1) ...
Setting up util-linux (2.37.2-4ubuntu3.4) ...
/usr/sbin/policy-rc.d returned 101, not running 'restart fstrim.timer'
/usr/sbin/policy-rc.d returned 101, not running 'restart fstrim.service'
(Reading database ... 14922 files and directories currently installed.)
Preparing to unpack .../mount_2.37.2-4ubuntu3.4_armhf.deb ...
Unpacking mount (2.37.2-4ubuntu3.4) over (2.36.1-8ubuntu1) ...
Preparing to unpack .../systemd_249.11-0ubuntu3.17_armhf.deb ...
Unpacking systemd (249.11-0ubuntu3.17) over (248.3-1ubuntu8) ...
Preparing to unpack .../libsystemd0_249.11-0ubuntu3.17_armhf.deb ...
Unpacking libsystemd0:armhf (249.11-0ubuntu3.17) over (248.3-1ubuntu8) ...
Setting up libsystemd0:armhf (249.11-0ubuntu3.17) ...
(Reading database ... 14926 files and directories currently installed.)
Preparing to unpack .../libxxhash0_0.8.1-1_armhf.deb ...
Unpacking libxxhash0:armhf (0.8.1-1) over (0.8.0-2build1) ...
Setting up libxxhash0:armhf (0.8.1-1) ...
(Reading database ... 14926 files and directories currently installed.)
Preparing to unpack .../libapt-pkg6.0_2.4.14_armhf.deb ...
Unpacking libapt-pkg6.0:armhf (2.4.14) over (2.3.9) ...
Setting up libapt-pkg6.0:armhf (2.4.14) ...
(Reading database ... 14926 files and directories currently installed.)
Preparing to unpack .../tar_1.34+dfsg-1ubuntu0.1.22.04.2_armhf.deb ...
Unpacking tar (1.34+dfsg-1ubuntu0.1.22.04.2) over (1.34+dfsg-1build2) ...
Setting up tar (1.34+dfsg-1ubuntu0.1.22.04.2) ...
(Reading database ... 14926 files and directories currently installed.)
Preparing to unpack .../dpkg_1.21.1ubuntu2.6_armhf.deb ...
Unpacking dpkg (1.21.1ubuntu2.6) over (1.20.9ubuntu2) ...
Setting up dpkg (1.21.1ubuntu2.6) ...
Installing new version of config file /etc/cron.daily/dpkg ...
Created symlink /etc/systemd/system/timers.target.wants/dpkg-db-backup.timer -> /lib/systemd/system/dpkg-db-backup.timer.
/usr/sbin/policy-rc.d returned 101, not running 'restart dpkg-db-backup.service dpkg-db-backup.timer'
(Reading database ... 14927 files and directories currently installed.)
Preparing to unpack .../dash_0.5.11+git20210903+057cd650a4ed-3build1_armhf.deb ...
Unpacking dash (0.5.11+git20210903+057cd650a4ed-3build1) over (0.5.11+git20210120+802ebd4-1build1) ...
Setting up dash (0.5.11+git20210903+057cd650a4ed-3build1) ...
(Reading database ... 14927 files and directories currently installed.)
Preparing to unpack .../diffutils_1%3a3.8-0ubuntu2_armhf.deb ...
Unpacking diffutils (1:3.8-0ubuntu2) over (1:3.8-0ubuntu1) ...
Setting up diffutils (1:3.8-0ubuntu2) ...
(Reading database ... 14927 files and directories currently installed.)
Preparing to unpack .../findutils_4.8.0-1ubuntu3_armhf.deb ...
Unpacking findutils (4.8.0-1ubuntu3) over (4.8.0-1ubuntu2) ...
Setting up findutils (4.8.0-1ubuntu3) ...
(Reading database ... 14927 files and directories currently installed.)
Preparing to unpack .../grep_3.7-1build1_armhf.deb ...
Unpacking grep (3.7-1build1) over (3.7-0ubuntu1) ...
Setting up grep (3.7-1build1) ...
(Reading database ... 14927 files and directories currently installed.)
Preparing to unpack .../gzip_1.10-4ubuntu4.1_armhf.deb ...
Unpacking gzip (1.10-4ubuntu4.1) over (1.10-4ubuntu2) ...
Setting up gzip (1.10-4ubuntu4.1) ...
(Reading database ... 14927 files and directories currently installed.)
Preparing to unpack .../hostname_3.23ubuntu2_armhf.deb ...
Unpacking hostname (3.23ubuntu2) over (3.23ubuntu1) ...
Setting up hostname (3.23ubuntu2) ...
(Reading database ... 14927 files and directories currently installed.)
Preparing to unpack .../libncurses6_6.3-2ubuntu0.1_armhf.deb ...
Unpacking libncurses6:armhf (6.3-2ubuntu0.1) over (6.2+20201114-2build2) ...
Preparing to unpack .../libncursesw6_6.3-2ubuntu0.1_armhf.deb ...
Unpacking libncursesw6:armhf (6.3-2ubuntu0.1) over (6.2+20201114-2build2) ...
Preparing to unpack .../libtinfo6_6.3-2ubuntu0.1_armhf.deb ...
Unpacking libtinfo6:armhf (6.3-2ubuntu0.1) over (6.2+20201114-2build2) ...
Setting up libtinfo6:armhf (6.3-2ubuntu0.1) ...
(Reading database ... 14926 files and directories currently installed.)
Preparing to unpack .../ncurses-bin_6.3-2ubuntu0.1_armhf.deb ...
Unpacking ncurses-bin (6.3-2ubuntu0.1) over (6.2+20201114-2build2) ...
Setting up ncurses-bin (6.3-2ubuntu0.1) ...
(Reading database ... 14926 files and directories currently installed.)
Preparing to unpack .../sed_4.8-1ubuntu2_armhf.deb ...
Unpacking sed (4.8-1ubuntu2) over (4.7-1ubuntu2) ...
Setting up sed (4.8-1ubuntu2) ...
(Reading database ... 14926 files and directories currently installed.)
Preparing to unpack .../libdebconfclient0_0.261ubuntu1_armhf.deb ...
Unpacking libdebconfclient0:armhf (0.261ubuntu1) over (0.256ubuntu4) ...
Setting up libdebconfclient0:armhf (0.261ubuntu1) ...
(Reading database ... 14926 files and directories currently installed.)
Preparing to unpack .../base-passwd_3.5.52build1_armhf.deb ...
Unpacking base-passwd (3.5.52build1) over (3.5.52) ...
Setting up base-passwd (3.5.52build1) ...
(Reading database ... 14926 files and directories currently installed.)
Preparing to unpack .../init-system-helpers_1.62_all.deb ...
Unpacking init-system-helpers (1.62) over (1.60build1) ...
Setting up init-system-helpers (1.62) ...
(Reading database ... 14926 files and directories currently installed.)
Preparing to unpack .../ncurses-base_6.3-2ubuntu0.1_all.deb ...
Unpacking ncurses-base (6.3-2ubuntu0.1) over (6.2+20201114-2build2) ...
Setting up ncurses-base (6.3-2ubuntu0.1) ...
(Reading database ... 14927 files and directories currently installed.)
Preparing to unpack .../lsb-base_11.1.0ubuntu4_all.deb ...
Unpacking lsb-base (11.1.0ubuntu4) over (11.1.0ubuntu3) ...
Setting up lsb-base (11.1.0ubuntu4) ...
(Reading database ... 14927 files and directories currently installed.)
Preparing to unpack .../sysvinit-utils_3.01-1ubuntu1_armhf.deb ...
Unpacking sysvinit-utils (3.01-1ubuntu1) over (2.96-7ubuntu2) ...
Setting up sysvinit-utils (3.01-1ubuntu1) ...
(Reading database ... 14927 files and directories currently installed.)
Preparing to unpack .../gpgv_2.2.27-3ubuntu2.5_armhf.deb ...
Unpacking gpgv (2.2.27-3ubuntu2.5) over (2.2.20-1ubuntu4) ...
Setting up gpgv (2.2.27-3ubuntu2.5) ...
(Reading database ... 14927 files and directories currently installed.)
Preparing to unpack .../archives/apt_2.4.14_armhf.deb ...
Unpacking apt (2.4.14) over (2.3.9) ...
Setting up apt (2.4.14) ...
Installing new version of config file /etc/cron.daily/apt-compat ...
Removing obsolete conffile /etc/kernel/postinst.d/apt-auto-removal ...
/usr/sbin/policy-rc.d returned 101, not running 'restart apt-daily-upgrade.timer apt-daily.timer'
Selecting previously unselected package libsepol2:armhf.
(Reading database ... 14920 files and directories currently installed.)
Preparing to unpack .../libsepol2_3.3-1build1_armhf.deb ...
Unpacking libsepol2:armhf (3.3-1build1) ...
Setting up libsepol2:armhf (3.3-1build1) ...
(Reading database ... 14924 files and directories currently installed.)
Preparing to unpack .../libsemanage-common_3.3-1build2_all.deb ...
Unpacking libsemanage-common (3.3-1build2) over (3.1-1ubuntu3) ...
Setting up libsemanage-common (3.3-1build2) ...
Selecting previously unselected package libsemanage2:armhf.
(Reading database ... 14924 files and directories currently installed.)
Preparing to unpack .../libsemanage2_3.3-1build2_armhf.deb ...
Unpacking libsemanage2:armhf (3.3-1build2) ...
Setting up libsemanage2:armhf (3.3-1build2) ...
(Reading database ... 14928 files and directories currently installed.)
Preparing to unpack .../passwd_1%3a4.8.1-2ubuntu2.2_armhf.deb ...
Unpacking passwd (1:4.8.1-2ubuntu2.2) over (1:4.8.1-1ubuntu9) ...
Setting up passwd (1:4.8.1-2ubuntu2.2) ...
(Reading database ... 14935 files and directories currently installed.)
Removing libsemanage1:armhf (3.1-1ubuntu3) ...
(Reading database ... 14931 files and directories currently installed.)
Preparing to unpack .../libpam-modules-bin_1.4.0-11ubuntu2.6_armhf.deb ...
Unpacking libpam-modules-bin (1.4.0-11ubuntu2.6) over (1.3.1-5ubuntu11) ...
Setting up libpam-modules-bin (1.4.0-11ubuntu2.6) ...
(Reading database ... 14929 files and directories currently installed.)
Preparing to unpack .../libpam-modules_1.4.0-11ubuntu2.6_armhf.deb ...
Unpacking libpam-modules:armhf (1.4.0-11ubuntu2.6) over (1.3.1-5ubuntu11) ...
Setting up libpam-modules:armhf (1.4.0-11ubuntu2.6) ...
Installing new version of config file /etc/security/namespace.conf ...
Installing new version of config file /etc/security/namespace.init ...
Installing new version of config file /etc/security/pam_env.conf ...
(Reading database ... 14930 files and directories currently installed.)
Preparing to unpack .../logsave_1.46.5-2ubuntu1.2_armhf.deb ...
Unpacking logsave (1.46.5-2ubuntu1.2) over (1.46.3-1ubuntu3) ...
Preparing to unpack .../libext2fs2_1.46.5-2ubuntu1.2_armhf.deb ...
Unpacking libext2fs2:armhf (1.46.5-2ubuntu1.2) over (1.46.3-1ubuntu3) ...
Setting up libext2fs2:armhf (1.46.5-2ubuntu1.2) ...
(Reading database ... 14930 files and directories currently installed.)
Preparing to unpack .../e2fsprogs_1.46.5-2ubuntu1.2_armhf.deb ...
Unpacking e2fsprogs (1.46.5-2ubuntu1.2) over (1.46.3-1ubuntu3) ...
Setting up libapparmor1:armhf (3.0.4-2ubuntu2.5) ...
Setting up libargon2-1:armhf (0~20171227-0.3) ...
Setting up libdevmapper1.02.1:armhf (2:1.02.175-2.1ubuntu5) ...
Setting up libjson-c5:armhf (0.15-3~ubuntu1.22.04.2) ...
Setting up libcryptsetup12:armhf (2:2.4.3-1ubuntu1.3) ...
Setting up libip4tc2:armhf (1.8.7-1ubuntu5.2) ...
Setting up libkmod2:armhf (29-1ubuntu1) ...
Setting up mount (2.37.2-4ubuntu3.4) ...
Setting up systemd (249.11-0ubuntu3.17) ...
Installing new version of config file /etc/systemd/logind.conf ...
Installing new version of config file /etc/systemd/networkd.conf ...
Installing new version of config file /etc/systemd/resolved.conf ...
Setting up systemd-sysv (249.11-0ubuntu3.17) ...
(Reading database ... 14930 files and directories currently installed.)
Preparing to unpack .../archives/init_1.62_armhf.deb ...
Unpacking init (1.62) over (1.60build1) ...
Preparing to unpack .../libattr1_1%3a2.5.1-1build1_armhf.deb ...
Unpacking libattr1:armhf (1:2.5.1-1build1) over (1:2.4.48-6build2) ...
Setting up libattr1:armhf (1:2.5.1-1build1) ...
Installing new version of config file /etc/xattr.conf ...
(Reading database ... 14930 files and directories currently installed.)
Preparing to unpack .../libcap2_1%3a2.44-1ubuntu0.22.04.2_armhf.deb ...
Unpacking libcap2:armhf (1:2.44-1ubuntu0.22.04.2) over (1:2.44-1build2) ...
Setting up libcap2:armhf (1:2.44-1ubuntu0.22.04.2) ...
(Reading database ... 14930 files and directories currently installed.)
Preparing to unpack .../libpam-runtime_1.4.0-11ubuntu2.6_all.deb ...
Unpacking libpam-runtime (1.4.0-11ubuntu2.6) over (1.3.1-5ubuntu11) ...
Setting up libpam-runtime (1.4.0-11ubuntu2.6) ...
(Reading database ... 14930 files and directories currently installed.)
Preparing to unpack .../libpcre3_2%3a8.39-13ubuntu0.22.04.1_armhf.deb ...
Unpacking libpcre3:armhf (2:8.39-13ubuntu0.22.04.1) over (2:8.39-13build4) ...
Setting up libpcre3:armhf (2:8.39-13ubuntu0.22.04.1) ...
(Reading database ... 14930 files and directories currently installed.)
Preparing to unpack .../libsmartcols1_2.37.2-4ubuntu3.4_armhf.deb ...
Unpacking libsmartcols1:armhf (2.37.2-4ubuntu3.4) over (2.36.1-8ubuntu1) ...
Setting up libsmartcols1:armhf (2.37.2-4ubuntu3.4) ...
(Reading database ... 14930 files and directories currently installed.)
Preparing to unpack .../00-libprocps8_2%3a3.3.17-6ubuntu2.1_armhf.deb ...
Unpacking libprocps8:armhf (2:3.3.17-6ubuntu2.1) over (2:3.3.17-5ubuntu3) ...
Preparing to unpack .../01-libss2_1.46.5-2ubuntu1.2_armhf.deb ...
Unpacking libss2:armhf (1.46.5-2ubuntu1.2) over (1.46.3-1ubuntu3) ...
Preparing to unpack .../02-mawk_1.3.4.20200120-3_armhf.deb ...
Unpacking mawk (1.3.4.20200120-3) over (1.3.4.20200120-2build1) ...
Preparing to unpack .../03-procps_2%3a3.3.17-6ubuntu2.1_armhf.deb ...
Unpacking procps (2:3.3.17-6ubuntu2.1) over (2:3.3.17-5ubuntu3) ...
Preparing to unpack .../04-sensible-utils_0.0.17_all.deb ...
Unpacking sensible-utils (0.0.17) over (0.0.14) ...
Preparing to unpack .../05-usrmerge_25ubuntu2_all.deb ...
Unpacking usrmerge (25ubuntu2) over (25ubuntu1) ...
Preparing to unpack .../06-openssl_3.0.2-0ubuntu1.21_armhf.deb ...
Unpacking openssl (3.0.2-0ubuntu1.21) over (1.1.1l-1ubuntu1) ...
Preparing to unpack .../07-ca-certificates_20240203~22.04.1_all.deb ...
Unpacking ca-certificates (20240203~22.04.1) over (20210119ubuntu1) ...
Preparing to unpack .../08-readline-common_8.1.2-1_all.deb ...
Unpacking readline-common (8.1.2-1) over (8.1-2build1) ...
Preparing to unpack .../09-libreadline8_8.1.2-1_armhf.deb ...
Unpacking libreadline8:armhf (8.1.2-1) over (8.1-2build1) ...
Preparing to unpack .../10-libsqlite3-0_3.37.2-2ubuntu0.5_armhf.deb ...
Unpacking libsqlite3-0:armhf (3.37.2-2ubuntu0.5) over (3.35.5-1) ...
Preparing to unpack .../11-tzdata_2025b-0ubuntu0.22.04.1_all.deb ...
Unpacking tzdata (2025b-0ubuntu0.22.04.1) over (2021a-2ubuntu1) ...
Preparing to unpack .../12-libpng16-16_1.6.37-3ubuntu0.3_armhf.deb ...
Unpacking libpng16-16:armhf (1.6.37-3ubuntu0.3) over (1.6.37-3build4) ...
Preparing to unpack .../13-xz-utils_5.2.5-2ubuntu1_armhf.deb ...
Unpacking xz-utils (5.2.5-2ubuntu1) over (5.2.5-2build1) ...
Preparing to unpack .../14-advancecomp_2.1-2.1ubuntu2.1_armhf.deb ...
Unpacking advancecomp (2.1-2.1ubuntu2.1) over (2.1-2.1ubuntu1) ...
Preparing to unpack .../15-libctf0_2.38-4ubuntu2.12_armhf.deb ...
Unpacking libctf0:armhf (2.38-4ubuntu2.12) over (2.37-7ubuntu1) ...
Preparing to unpack .../16-libctf-nobfd0_2.38-4ubuntu2.12_armhf.deb ...
Unpacking libctf-nobfd0:armhf (2.38-4ubuntu2.12) over (2.37-7ubuntu1) ...
Preparing to unpack .../17-binutils-arm-linux-gnueabihf_2.38-4ubuntu2.12_armhf.deb ...
Unpacking binutils-arm-linux-gnueabihf (2.38-4ubuntu2.12) over (2.37-7ubuntu1) ...
Preparing to unpack .../18-libbinutils_2.38-4ubuntu2.12_armhf.deb ...
Unpacking libbinutils:armhf (2.38-4ubuntu2.12) over (2.37-7ubuntu1) ...
Preparing to unpack .../19-binutils_2.38-4ubuntu2.12_armhf.deb ...
Unpacking binutils (2.38-4ubuntu2.12) over (2.37-7ubuntu1) ...
Preparing to unpack .../20-binutils-common_2.38-4ubuntu2.12_armhf.deb ...
Unpacking binutils-common:armhf (2.38-4ubuntu2.12) over (2.37-7ubuntu1) ...
Preparing to unpack .../21-make_4.3-4.1build1_armhf.deb ...
Unpacking make (4.3-4.1build1) over (4.3-4ubuntu1) ...
Preparing to unpack .../22-dpkg-dev_1.21.1ubuntu2.6_all.deb ...
Unpacking dpkg-dev (1.21.1ubuntu2.6) over (1.20.9ubuntu2) ...
Preparing to unpack .../23-libdpkg-perl_1.21.1ubuntu2.6_all.deb ...
Unpacking libdpkg-perl (1.21.1ubuntu2.6) over (1.20.9ubuntu2) ...
Preparing to unpack .../24-patch_2.7.6-7build2_armhf.deb ...
Unpacking patch (2.7.6-7build2) over (2.7.6-7build1) ...
Preparing to unpack .../25-lto-disabled-list_24_all.deb ...
Unpacking lto-disabled-list (24) over (16) ...
Preparing to unpack .../26-build-essential_12.9ubuntu3_armhf.deb ...
Unpacking build-essential (12.9ubuntu3) over (12.9ubuntu2) ...
Preparing to unpack .../27-libubsan1_12.3.0-1ubuntu1~22.04.2_armhf.deb ...
Unpacking libubsan1:armhf (12.3.0-1ubuntu1~22.04.2) over (11.2.0-7ubuntu2) ...
Preparing to unpack .../28-libgomp1_12.3.0-1ubuntu1~22.04.2_armhf.deb ...
Unpacking libgomp1:armhf (12.3.0-1ubuntu1~22.04.2) over (11.2.0-7ubuntu2) ...
Preparing to unpack .../29-libatomic1_12.3.0-1ubuntu1~22.04.2_armhf.deb ...
Unpacking libatomic1:armhf (12.3.0-1ubuntu1~22.04.2) over (11.2.0-7ubuntu2) ...
Preparing to unpack .../30-libasan6_11.4.0-1ubuntu1~22.04.2_armhf.deb ...
Unpacking libasan6:armhf (11.4.0-1ubuntu1~22.04.2) over (11.2.0-7ubuntu2) ...
Preparing to unpack .../31-g++-11_11.4.0-1ubuntu1~22.04.2_armhf.deb ...
Unpacking g++-11 (11.4.0-1ubuntu1~22.04.2) over (11.2.0-7ubuntu2) ...
Preparing to unpack .../32-libstdc++-11-dev_11.4.0-1ubuntu1~22.04.2_armhf.deb ...
Unpacking libstdc++-11-dev:armhf (11.4.0-1ubuntu1~22.04.2) over (11.2.0-7ubuntu2) ...
Preparing to unpack .../33-gcc-11_11.4.0-1ubuntu1~22.04.2_armhf.deb ...
Unpacking gcc-11 (11.4.0-1ubuntu1~22.04.2) over (11.2.0-7ubuntu2) ...
Preparing to unpack .../34-libgcc-11-dev_11.4.0-1ubuntu1~22.04.2_armhf.deb ...
Unpacking libgcc-11-dev:armhf (11.4.0-1ubuntu1~22.04.2) over (11.2.0-7ubuntu2) ...
Preparing to unpack .../35-libcc1-0_12.3.0-1ubuntu1~22.04.2_armhf.deb ...
Unpacking libcc1-0:armhf (12.3.0-1ubuntu1~22.04.2) over (11.2.0-7ubuntu2) ...
Preparing to unpack .../36-cpp-11_11.4.0-1ubuntu1~22.04.2_armhf.deb ...
Unpacking cpp-11 (11.4.0-1ubuntu1~22.04.2) over (11.2.0-7ubuntu2) ...
Preparing to unpack .../37-gcc-11-base_11.4.0-1ubuntu1~22.04.2_armhf.deb ...
Unpacking gcc-11-base:armhf (11.4.0-1ubuntu1~22.04.2) over (11.2.0-7ubuntu2) ...
Preparing to unpack .../38-libisl23_0.24-2build1_armhf.deb ...
Unpacking libisl23:armhf (0.24-2build1) over (0.24-1build1) ...
Preparing to unpack .../39-libmpfr6_4.1.0-3build3_armhf.deb ...
Unpacking libmpfr6:armhf (4.1.0-3build3) over (4.1.0-3build2) ...
Preparing to unpack .../40-libmpc3_1.2.1-2build1_armhf.deb ...
Unpacking libmpc3:armhf (1.2.1-2build1) over (1.2.0-1build2) ...
Preparing to unpack .../41-libfakeroot_1.28-1ubuntu1_armhf.deb ...
Unpacking libfakeroot:armhf (1.28-1ubuntu1) over (1.25.3-1.1ubuntu3) ...
Preparing to unpack .../42-fakeroot_1.28-1ubuntu1_armhf.deb ...
Unpacking fakeroot (1.28-1ubuntu1) over (1.25.3-1.1ubuntu3) ...
Preparing to unpack .../43-libassuan0_2.5.5-1build1_armhf.deb ...
Unpacking libassuan0:armhf (2.5.5-1build1) over (2.5.5-1) ...
Preparing to unpack .../44-pinentry-curses_1.1.1-1build2_armhf.deb ...
Unpacking pinentry-curses (1.1.1-1build2) over (1.1.1-1build1) ...
Preparing to unpack .../45-libnpth0_1.6-3build2_armhf.deb ...
Unpacking libnpth0:armhf (1.6-3build2) over (1.6-3build1) ...
Preparing to unpack .../46-gpg_2.2.27-3ubuntu2.5_armhf.deb ...
Unpacking gpg (2.2.27-3ubuntu2.5) over (2.2.20-1ubuntu4) ...
Preparing to unpack .../47-gpgconf_2.2.27-3ubuntu2.5_armhf.deb ...
Unpacking gpgconf (2.2.27-3ubuntu2.5) over (2.2.20-1ubuntu4) ...
Preparing to unpack .../48-gpg-agent_2.2.27-3ubuntu2.5_armhf.deb ...
Unpacking gpg-agent (2.2.27-3ubuntu2.5) over (2.2.20-1ubuntu4) ...
Preparing to unpack .../49-liblockfile-bin_1.17-1build2_armhf.deb ...
Unpacking liblockfile-bin (1.17-1build2) over (1.17-1build1) ...
Preparing to unpack .../50-liblockfile1_1.17-1build2_armhf.deb ...
Unpacking liblockfile1:armhf (1.17-1build2) over (1.17-1build1) ...
Preparing to unpack .../51-lockfile-progs_0.1.19build1_armhf.deb ...
Unpacking lockfile-progs (0.1.19build1) over (0.1.18build1) ...
Preparing to unpack .../52-optipng_0.7.7-2build1_armhf.deb ...
Unpacking optipng (0.7.7-2build1) over (0.7.7-2) ...
Preparing to unpack .../53-pkgbinarymangler_149.22.04.0_all.deb ...
Unpacking pkgbinarymangler (149.22.04.0) over (148) ...
Setting up gcc-11-base:armhf (11.4.0-1ubuntu1~22.04.2) ...
Setting up lto-disabled-list (24) ...
Setting up liblockfile-bin (1.17-1build2) ...
Setting up init (1.62) ...
Setting up libsqlite3-0:armhf (3.37.2-2ubuntu0.5) ...
Setting up binutils-common:armhf (2.38-4ubuntu2.12) ...
Setting up linux-libc-dev:armhf (5.15.0-164.174) ...
Setting up libctf-nobfd0:armhf (2.38-4ubuntu2.12) ...
Setting up libnpth0:armhf (1.6-3build2) ...
Setting up libassuan0:armhf (2.5.5-1build1) ...
Setting up libgomp1:armhf (12.3.0-1ubuntu1~22.04.2) ...
Setting up perl-modules-5.34 (5.34.0-3ubuntu1.5) ...
Setting up bzip2 (1.0.8-5build1) ...
Setting up libfakeroot:armhf (1.28-1ubuntu1) ...
Setting up libasan6:armhf (11.4.0-1ubuntu1~22.04.2) ...
Setting up tzdata (2025b-0ubuntu0.22.04.1) ...

Current default time zone: 'Etc/UTC'
Local time is now:      Wed Jan 28 15:42:46 UTC 2026.
Universal Time is now:  Wed Jan 28 15:42:46 UTC 2026.
Run 'dpkg-reconfigure tzdata' if you wish to change it.

Setting up fakeroot (1.28-1ubuntu1) ...
Setting up libtirpc-dev:armhf (1.3.2-2ubuntu0.1) ...
Setting up rpcsvc-proto (1.4.2-0ubuntu6) ...
Setting up make (4.3-4.1build1) ...
Setting up libmpfr6:armhf (4.1.0-3build3) ...
Setting up libncurses6:armhf (6.3-2ubuntu0.1) ...
Setting up xz-utils (5.2.5-2ubuntu1) ...
Setting up libpng16-16:armhf (1.6.37-3ubuntu0.3) ...
Setting up libmpc3:armhf (1.2.1-2build1) ...
Setting up systemd-timesyncd (249.11-0ubuntu3.17) ...
/usr/sbin/policy-rc.d returned 101, not running 'restart systemd-timesyncd.service'
Setting up libatomic1:armhf (12.3.0-1ubuntu1~22.04.2) ...
Setting up usrmerge (25ubuntu2) ...
Setting up patch (2.7.6-7build2) ...
Setting up libss2:armhf (1.46.5-2ubuntu1.2) ...
Setting up libncursesw6:armhf (6.3-2ubuntu0.1) ...
Setting up logsave (1.46.5-2ubuntu1.2) ...
Setting up libubsan1:armhf (12.3.0-1ubuntu1~22.04.2) ...
Setting up advancecomp (2.1-2.1ubuntu2.1) ...
Setting up libgcc-11-dev:armhf (11.4.0-1ubuntu1~22.04.2) ...
Setting up libnsl-dev:armhf (1.3.0-2build2) ...
Setting up sensible-utils (0.0.17) ...
Setting up libcrypt-dev:armhf (1:4.4.27-1) ...
Setting up mawk (1.3.4.20200120-3) ...
Setting up liblockfile1:armhf (1.17-1build2) ...
Setting up libbinutils:armhf (2.38-4ubuntu2.12) ...
Setting up libisl23:armhf (0.24-2build1) ...
Setting up libc-dev-bin (2.35-0ubuntu3.12) ...
Setting up openssl (3.0.2-0ubuntu1.21) ...
Installing new version of config file /etc/ssl/openssl.cnf ...
Setting up readline-common (8.1.2-1) ...
Setting up libcc1-0:armhf (12.3.0-1ubuntu1~22.04.2) ...
Setting up libprocps8:armhf (2:3.3.17-6ubuntu2.1) ...
Setting up libgdbm6:armhf (1.23-1) ...
Setting up libctf0:armhf (2.38-4ubuntu2.12) ...
Setting up pinentry-curses (1.1.1-1build2) ...
Setting up cpp-11 (11.4.0-1ubuntu1~22.04.2) ...
Setting up libreadline8:armhf (8.1.2-1) ...
Setting up e2fsprogs (1.46.5-2ubuntu1.2) ...
Installing new version of config file /etc/mke2fs.conf ...
/usr/sbin/policy-rc.d returned 101, not running 'restart e2scrub_all.service e2scrub_all.timer e2scrub_reap.service'
Setting up ca-certificates (20240203~22.04.1) ...
Updating certificates in /etc/ssl/certs...
rehash: warning: skipping ca-certificates.crt,it does not contain exactly one certificate or CRL
37 added, 19 removed; done.
Setting up optipng (0.7.7-2build1) ...
Setting up lockfile-progs (0.1.19build1) ...
Setting up libgdbm-compat4:armhf (1.23-1) ...
Setting up procps (2:3.3.17-6ubuntu2.1) ...
Installing new version of config file /etc/init.d/procps ...
Installing new version of config file /etc/sysctl.d/README.sysctl ...
Setting up gpgconf (2.2.27-3ubuntu2.5) ...
Setting up libc6-dev:armhf (2.35-0ubuntu3.12) ...
Setting up binutils-arm-linux-gnueabihf (2.38-4ubuntu2.12) ...
Setting up gpg (2.2.27-3ubuntu2.5) ...
Setting up libperl5.34:armhf (5.34.0-3ubuntu1.5) ...
Setting up gpg-agent (2.2.27-3ubuntu2.5) ...
Setting up pkgbinarymangler (149.22.04.0) ...
Installing new version of config file /etc/pkgbinarymangler/striptranslations.blacklist ...
Setting up binutils (2.38-4ubuntu2.12) ...
Setting up perl (5.34.0-3ubuntu1.5) ...
Setting up libdpkg-perl (1.21.1ubuntu2.6) ...
Setting up libstdc++-11-dev:armhf (11.4.0-1ubuntu1~22.04.2) ...
Setting up gcc-11 (11.4.0-1ubuntu1~22.04.2) ...
Setting up g++-11 (11.4.0-1ubuntu1~22.04.2) ...
Setting up dpkg-dev (1.21.1ubuntu2.6) ...
Setting up build-essential (12.9ubuntu3) ...
Processing triggers for libc-bin (2.35-0ubuntu3.12) ...
Processing triggers for ca-certificates (20240203~22.04.1) ...
Updating certificates in /etc/ssl/certs...
0 added, 0 removed; done.
Running hooks in /etc/ca-certificates/update.d...
done.
[Wed Jan 28 15:42:53 2026]
RUN: /usr/share/launchpad-buildd/bin/in-target buildsnap --backend=lxd --series=jammy --abi-tag=armhf --isa-tag=armhf SNAPBUILD-3038390 --channel snapcraft=stable/launchpad-buildd --build-request-id 105357818 --build-request-timestamp 2026-01-28T15:39:54Z --build-url 'https://launchpad.net/~iotconnect/iotconnect-craft-remote-build/+snap/snapcraft-iotconnect-gg-nucleus-00726c8350c87c626ebbd9c5a9bcb0c9/+build/3038390' --proxy-url http://10.10.10.1:8222/ --revocation-endpoint http://builder-proxy-auth.lp.internal:8080/tokens/SNAPBUILD-3038390-1769614847 --git-repository 'https://git.launchpad.net/~iotconnect/iotconnect-craft-remote-build/+git/snapcraft-iotconnect-gg-nucleus-00726c8350c87c626ebbd9c5a9bcb0c9' --git-path main --target-arch armhf --launchpad-instance production --launchpad-server-url launchpad.net --craft-platform armhf snapcraft-iotconnect-gg-nucleus-00726c8350c87c626ebbd9c5a9bcb0c9
Running install phase...
/usr/lib/python3/dist-packages/pylxd/models/_model.py:134: UserWarning: Attempted to set unknown attribute "type" on instance of "Container"
  warnings.warn(
/usr/lib/python3/dist-packages/pylxd/models/_model.py:134: UserWarning: Attempted to set unknown attribute "project" on instance of "Container"
  warnings.warn(
Reading package lists...
Building dependency tree...
Reading state information...
The following packages were automatically installed and are no longer required:
  libperl5.32 perl-modules-5.32
Use 'apt autoremove' to remove them.
The following additional packages will be installed:
  apparmor dbus dbus-user-session git-man libbrotli1 libbsd0 libcap2-bin
  libcbor0.8 libcurl3-gnutls libdbus-1-3 libedit2 liberror-perl libexpat1
  libfido2-1 libfuse2 libfuse3-3 libldap-2.5-0 liblzo2-2 libmd0 libmpdec3
  libnghttp2-14 libpam-systemd libpsl5 libpython3-stdlib libpython3.10-minimal
  libpython3.10-stdlib librtmp1 libsasl2-2 libsasl2-modules-db libsquashfuse0
  libssh-4 libwrap0 media-types openssh-client python3-minimal python3.10
  python3.10-minimal squashfs-tools
Suggested packages:
  apparmor-profiles-extra apparmor-utils gettext-base git-daemon-run
  | git-daemon-sysvinit git-doc git-email git-gui gitk gitweb git-cvs
  git-mediawiki git-svn fuse3 keychain libpam-ssh monkeysphere ssh-askpass
  python3-doc python3-tk python3-venv python3.10-venv python3.10-doc
  binfmt-support zenity | kdialog
Recommended packages:
  less libpam-cap libldap-common publicsuffix libsasl2-modules xauth gnupg
  systemd-hwe-hwdb
The following NEW packages will be installed:
  apparmor dbus dbus-user-session fuse git git-man libbrotli1 libbsd0
  libcap2-bin libcbor0.8 libcurl3-gnutls libdbus-1-3 libedit2 liberror-perl
  libexpat1 libfido2-1 libfuse2 libfuse3-3 libldap-2.5-0 liblzo2-2 libmd0
  libmpdec3 libnghttp2-14 libpam-systemd libpsl5 libpython3-stdlib
  libpython3.10-minimal libpython3.10-stdlib librtmp1 libsasl2-2
  libsasl2-modules-db libsquashfuse0 libssh-4 libwrap0 media-types
  openssh-client python3 python3-minimal python3.10 python3.10-minimal snapd
  socat squashfs-tools squashfuse sudo udev
0 upgraded, 46 newly installed, 0 to remove and 0 not upgraded.
Need to get 41.8 MB of archives.
After this operation, 171 MB of additional disk space will be used.
Get:1 http://ftpmaster.internal/ubuntu jammy-security/main armhf libpython3.10-minimal armhf 3.10.12-1~22.04.13 [799 kB]
Get:2 http://ftpmaster.internal/ubuntu jammy-security/main armhf libexpat1 armhf 2.4.7-1ubuntu0.6 [69.2 kB]
Get:3 http://ftpmaster.internal/ubuntu jammy-security/main armhf python3.10-minimal armhf 3.10.12-1~22.04.13 [1940 kB]
Get:4 http://ftpmaster.internal/ubuntu jammy-updates/main armhf python3-minimal armhf 3.10.6-1~22.04.1 [24.3 kB]
Get:5 http://ftpmaster.internal/ubuntu jammy/main armhf media-types all 7.0.0 [25.5 kB]
Get:6 http://ftpmaster.internal/ubuntu jammy/main armhf libmpdec3 armhf 2.5.1-2build2 [76.5 kB]
Get:7 http://ftpmaster.internal/ubuntu jammy-security/main armhf libpython3.10-stdlib armhf 3.10.12-1~22.04.13 [1767 kB]
Get:8 http://ftpmaster.internal/ubuntu jammy-security/main armhf python3.10 armhf 3.10.12-1~22.04.13 [508 kB]
Get:9 http://ftpmaster.internal/ubuntu jammy-updates/main armhf libpython3-stdlib armhf 3.10.6-1~22.04.1 [6812 B]
Get:10 http://ftpmaster.internal/ubuntu jammy-updates/main armhf python3 armhf 3.10.6-1~22.04.1 [22.8 kB]
Get:11 http://ftpmaster.internal/ubuntu jammy-security/main armhf libdbus-1-3 armhf 1.12.20-2ubuntu4.1 [170 kB]
Get:12 http://ftpmaster.internal/ubuntu jammy-security/main armhf dbus armhf 1.12.20-2ubuntu4.1 [148 kB]
Get:13 http://ftpmaster.internal/ubuntu jammy/main armhf libmd0 armhf 1.0.4-1build1 [22.5 kB]
Get:14 http://ftpmaster.internal/ubuntu jammy/main armhf libbsd0 armhf 0.11.5-1 [39.8 kB]
Get:15 http://ftpmaster.internal/ubuntu jammy-security/main armhf libcap2-bin armhf 1:2.44-1ubuntu0.22.04.2 [25.3 kB]
Get:16 http://ftpmaster.internal/ubuntu jammy-updates/main armhf libpam-systemd armhf 249.11-0ubuntu3.17 [185 kB]
Get:17 http://ftpmaster.internal/ubuntu jammy-security/main armhf sudo armhf 1.9.9-1ubuntu2.5 [791 kB]
Get:18 http://ftpmaster.internal/ubuntu jammy-updates/main armhf udev armhf 249.11-0ubuntu3.17 [1536 kB]
Get:19 http://ftpmaster.internal/ubuntu jammy-updates/main armhf apparmor armhf 3.0.4-2ubuntu2.5 [517 kB]
Get:20 http://ftpmaster.internal/ubuntu jammy/main armhf libcbor0.8 armhf 0.8.0-2ubuntu1 [19.9 kB]
Get:21 http://ftpmaster.internal/ubuntu jammy/main armhf libedit2 armhf 3.1-20210910-1build1 [78.7 kB]
Get:22 http://ftpmaster.internal/ubuntu jammy/main armhf libfido2-1 armhf 1.10.0-1 [74.1 kB]
Get:23 http://ftpmaster.internal/ubuntu jammy/main armhf libfuse3-3 armhf 3.10.5-1build1 [71.9 kB]
Get:24 http://ftpmaster.internal/ubuntu jammy-security/main armhf libnghttp2-14 armhf 1.43.0-1ubuntu0.2 [70.9 kB]
Get:25 http://ftpmaster.internal/ubuntu jammy/main armhf libpsl5 armhf 0.21.0-1.2build2 [56.9 kB]
Get:26 http://ftpmaster.internal/ubuntu jammy-security/main armhf openssh-client armhf 1:8.9p1-3ubuntu0.13 [833 kB]
Get:27 http://ftpmaster.internal/ubuntu jammy-security/main armhf dbus-user-session armhf 1.12.20-2ubuntu4.1 [9442 B]
Get:28 http://ftpmaster.internal/ubuntu jammy/universe armhf libfuse2 armhf 2.9.9-5ubuntu3 [80.2 kB]
Get:29 http://ftpmaster.internal/ubuntu jammy/universe armhf fuse armhf 2.9.9-5ubuntu3 [25.7 kB]
Get:30 http://ftpmaster.internal/ubuntu jammy/main armhf libbrotli1 armhf 1.0.9-2build6 [306 kB]
Get:31 http://ftpmaster.internal/ubuntu jammy-updates/main armhf libsasl2-modules-db armhf 2.1.27+dfsg2-3ubuntu1.2 [18.9 kB]
Get:32 http://ftpmaster.internal/ubuntu jammy-updates/main armhf libsasl2-2 armhf 2.1.27+dfsg2-3ubuntu1.2 [50.7 kB]
Get:33 http://ftpmaster.internal/ubuntu jammy-updates/main armhf libldap-2.5-0 armhf 2.5.19+dfsg-0ubuntu0.22.04.1 [160 kB]
Get:34 http://ftpmaster.internal/ubuntu jammy/main armhf librtmp1 armhf 2.4+20151223.gitfa8646d.1-2build4 [52.8 kB]
Get:35 http://ftpmaster.internal/ubuntu jammy-security/main armhf libssh-4 armhf 0.9.6-2ubuntu0.22.04.5 [166 kB]
Get:36 http://ftpmaster.internal/ubuntu jammy-security/main armhf libcurl3-gnutls armhf 7.81.0-1ubuntu1.21 [247 kB]
Get:37 http://ftpmaster.internal/ubuntu jammy/main armhf liberror-perl all 0.17029-1 [26.5 kB]
Get:38 http://ftpmaster.internal/ubuntu jammy-security/main armhf git-man all 1:2.34.1-1ubuntu1.15 [955 kB]
Get:39 http://ftpmaster.internal/ubuntu jammy-security/main armhf git armhf 1:2.34.1-1ubuntu1.15 [3600 kB]
Get:40 http://ftpmaster.internal/ubuntu jammy/main armhf liblzo2-2 armhf 2.10-2build3 [47.6 kB]
Get:41 http://ftpmaster.internal/ubuntu jammy/universe armhf libsquashfuse0 armhf 0.1.103-3 [21.9 kB]
Get:42 http://ftpmaster.internal/ubuntu jammy/main armhf libwrap0 armhf 7.6.q-31build2 [44.9 kB]
Get:43 http://ftpmaster.internal/ubuntu jammy/main armhf squashfs-tools armhf 1:4.5-3build1 [155 kB]
Get:44 http://ftpmaster.internal/ubuntu jammy-updates/main armhf snapd armhf 2.73+ubuntu22.04 [25.6 MB]
Get:45 http://ftpmaster.internal/ubuntu jammy/universe armhf squashfuse armhf 0.1.103-3 [6864 B]
Get:46 http://ftpmaster.internal/ubuntu jammy/main armhf socat armhf 1.7.4.1-3ubuntu4 [336 kB]
debconf: delaying package configuration, since apt-utils is not installed
Fetched 41.8 MB in 3s (12.7 MB/s)
Selecting previously unselected package libpython3.10-minimal:armhf.
(Reading database ... 15124 files and directories currently installed.)
Preparing to unpack .../libpython3.10-minimal_3.10.12-1~22.04.13_armhf.deb ...
Unpacking libpython3.10-minimal:armhf (3.10.12-1~22.04.13) ...
Selecting previously unselected package libexpat1:armhf.
Preparing to unpack .../libexpat1_2.4.7-1ubuntu0.6_armhf.deb ...
Unpacking libexpat1:armhf (2.4.7-1ubuntu0.6) ...
Selecting previously unselected package python3.10-minimal.
Preparing to unpack .../python3.10-minimal_3.10.12-1~22.04.13_armhf.deb ...
Unpacking python3.10-minimal (3.10.12-1~22.04.13) ...
Setting up libpython3.10-minimal:armhf (3.10.12-1~22.04.13) ...
Setting up libexpat1:armhf (2.4.7-1ubuntu0.6) ...
Setting up python3.10-minimal (3.10.12-1~22.04.13) ...
Selecting previously unselected package python3-minimal.
(Reading database ... 15427 files and directories currently installed.)
Preparing to unpack .../0-python3-minimal_3.10.6-1~22.04.1_armhf.deb ...
Unpacking python3-minimal (3.10.6-1~22.04.1) ...
Selecting previously unselected package media-types.
Preparing to unpack .../1-media-types_7.0.0_all.deb ...
Unpacking media-types (7.0.0) ...
Selecting previously unselected package libmpdec3:armhf.
Preparing to unpack .../2-libmpdec3_2.5.1-2build2_armhf.deb ...
Unpacking libmpdec3:armhf (2.5.1-2build2) ...
Selecting previously unselected package libpython3.10-stdlib:armhf.
Preparing to unpack .../3-libpython3.10-stdlib_3.10.12-1~22.04.13_armhf.deb ...
Unpacking libpython3.10-stdlib:armhf (3.10.12-1~22.04.13) ...
Selecting previously unselected package python3.10.
Preparing to unpack .../4-python3.10_3.10.12-1~22.04.13_armhf.deb ...
Unpacking python3.10 (3.10.12-1~22.04.13) ...
Selecting previously unselected package libpython3-stdlib:armhf.
Preparing to unpack .../5-libpython3-stdlib_3.10.6-1~22.04.1_armhf.deb ...
Unpacking libpython3-stdlib:armhf (3.10.6-1~22.04.1) ...
Setting up python3-minimal (3.10.6-1~22.04.1) ...
Selecting previously unselected package python3.
(Reading database ... 15829 files and directories currently installed.)
Preparing to unpack .../00-python3_3.10.6-1~22.04.1_armhf.deb ...
Unpacking python3 (3.10.6-1~22.04.1) ...
Selecting previously unselected package libdbus-1-3:armhf.
Preparing to unpack .../01-libdbus-1-3_1.12.20-2ubuntu4.1_armhf.deb ...
Unpacking libdbus-1-3:armhf (1.12.20-2ubuntu4.1) ...
Selecting previously unselected package dbus.
Preparing to unpack .../02-dbus_1.12.20-2ubuntu4.1_armhf.deb ...
Unpacking dbus (1.12.20-2ubuntu4.1) ...
Selecting previously unselected package libmd0:armhf.
Preparing to unpack .../03-libmd0_1.0.4-1build1_armhf.deb ...
Unpacking libmd0:armhf (1.0.4-1build1) ...
Selecting previously unselected package libbsd0:armhf.
Preparing to unpack .../04-libbsd0_0.11.5-1_armhf.deb ...
Unpacking libbsd0:armhf (0.11.5-1) ...
Selecting previously unselected package libcap2-bin.
Preparing to unpack .../05-libcap2-bin_1%3a2.44-1ubuntu0.22.04.2_armhf.deb ...
Unpacking libcap2-bin (1:2.44-1ubuntu0.22.04.2) ...
Selecting previously unselected package libpam-systemd:armhf.
Preparing to unpack .../06-libpam-systemd_249.11-0ubuntu3.17_armhf.deb ...
Unpacking libpam-systemd:armhf (249.11-0ubuntu3.17) ...
Selecting previously unselected package sudo.
Preparing to unpack .../07-sudo_1.9.9-1ubuntu2.5_armhf.deb ...
Unpacking sudo (1.9.9-1ubuntu2.5) ...
Selecting previously unselected package udev.
Preparing to unpack .../08-udev_249.11-0ubuntu3.17_armhf.deb ...
Unpacking udev (249.11-0ubuntu3.17) ...
Selecting previously unselected package apparmor.
Preparing to unpack .../09-apparmor_3.0.4-2ubuntu2.5_armhf.deb ...
Unpacking apparmor (3.0.4-2ubuntu2.5) ...
Selecting previously unselected package libcbor0.8:armhf.
Preparing to unpack .../10-libcbor0.8_0.8.0-2ubuntu1_armhf.deb ...
Unpacking libcbor0.8:armhf (0.8.0-2ubuntu1) ...
Selecting previously unselected package libedit2:armhf.
Preparing to unpack .../11-libedit2_3.1-20210910-1build1_armhf.deb ...
Unpacking libedit2:armhf (3.1-20210910-1build1) ...
Selecting previously unselected package libfido2-1:armhf.
Preparing to unpack .../12-libfido2-1_1.10.0-1_armhf.deb ...
Unpacking libfido2-1:armhf (1.10.0-1) ...
Selecting previously unselected package libfuse3-3:armhf.
Preparing to unpack .../13-libfuse3-3_3.10.5-1build1_armhf.deb ...
Unpacking libfuse3-3:armhf (3.10.5-1build1) ...
Selecting previously unselected package libnghttp2-14:armhf.
Preparing to unpack .../14-libnghttp2-14_1.43.0-1ubuntu0.2_armhf.deb ...
Unpacking libnghttp2-14:armhf (1.43.0-1ubuntu0.2) ...
Selecting previously unselected package libpsl5:armhf.
Preparing to unpack .../15-libpsl5_0.21.0-1.2build2_armhf.deb ...
Unpacking libpsl5:armhf (0.21.0-1.2build2) ...
Selecting previously unselected package openssh-client.
Preparing to unpack .../16-openssh-client_1%3a8.9p1-3ubuntu0.13_armhf.deb ...
Unpacking openssh-client (1:8.9p1-3ubuntu0.13) ...
Selecting previously unselected package dbus-user-session.
Preparing to unpack .../17-dbus-user-session_1.12.20-2ubuntu4.1_armhf.deb ...
Unpacking dbus-user-session (1.12.20-2ubuntu4.1) ...
Selecting previously unselected package libfuse2:armhf.
Preparing to unpack .../18-libfuse2_2.9.9-5ubuntu3_armhf.deb ...
Unpacking libfuse2:armhf (2.9.9-5ubuntu3) ...
Selecting previously unselected package fuse.
Preparing to unpack .../19-fuse_2.9.9-5ubuntu3_armhf.deb ...
Unpacking fuse (2.9.9-5ubuntu3) ...
Selecting previously unselected package libbrotli1:armhf.
Preparing to unpack .../20-libbrotli1_1.0.9-2build6_armhf.deb ...
Unpacking libbrotli1:armhf (1.0.9-2build6) ...
Selecting previously unselected package libsasl2-modules-db:armhf.
Preparing to unpack .../21-libsasl2-modules-db_2.1.27+dfsg2-3ubuntu1.2_armhf.deb ...
Unpacking libsasl2-modules-db:armhf (2.1.27+dfsg2-3ubuntu1.2) ...
Selecting previously unselected package libsasl2-2:armhf.
Preparing to unpack .../22-libsasl2-2_2.1.27+dfsg2-3ubuntu1.2_armhf.deb ...
Unpacking libsasl2-2:armhf (2.1.27+dfsg2-3ubuntu1.2) ...
Selecting previously unselected package libldap-2.5-0:armhf.
Preparing to unpack .../23-libldap-2.5-0_2.5.19+dfsg-0ubuntu0.22.04.1_armhf.deb ...
Unpacking libldap-2.5-0:armhf (2.5.19+dfsg-0ubuntu0.22.04.1) ...
Selecting previously unselected package librtmp1:armhf.
Preparing to unpack .../24-librtmp1_2.4+20151223.gitfa8646d.1-2build4_armhf.deb ...
Unpacking librtmp1:armhf (2.4+20151223.gitfa8646d.1-2build4) ...
Selecting previously unselected package libssh-4:armhf.
Preparing to unpack .../25-libssh-4_0.9.6-2ubuntu0.22.04.5_armhf.deb ...
Unpacking libssh-4:armhf (0.9.6-2ubuntu0.22.04.5) ...
Selecting previously unselected package libcurl3-gnutls:armhf.
Preparing to unpack .../26-libcurl3-gnutls_7.81.0-1ubuntu1.21_armhf.deb ...
Unpacking libcurl3-gnutls:armhf (7.81.0-1ubuntu1.21) ...
Selecting previously unselected package liberror-perl.
Preparing to unpack .../27-liberror-perl_0.17029-1_all.deb ...
Unpacking liberror-perl (0.17029-1) ...
Selecting previously unselected package git-man.
Preparing to unpack .../28-git-man_1%3a2.34.1-1ubuntu1.15_all.deb ...
Unpacking git-man (1:2.34.1-1ubuntu1.15) ...
Selecting previously unselected package git.
Preparing to unpack .../29-git_1%3a2.34.1-1ubuntu1.15_armhf.deb ...
Unpacking git (1:2.34.1-1ubuntu1.15) ...
Selecting previously unselected package liblzo2-2:armhf.
Preparing to unpack .../30-liblzo2-2_2.10-2build3_armhf.deb ...
Unpacking liblzo2-2:armhf (2.10-2build3) ...
Selecting previously unselected package libsquashfuse0:armhf.
Preparing to unpack .../31-libsquashfuse0_0.1.103-3_armhf.deb ...
Unpacking libsquashfuse0:armhf (0.1.103-3) ...
Selecting previously unselected package libwrap0:armhf.
Preparing to unpack .../32-libwrap0_7.6.q-31build2_armhf.deb ...
Unpacking libwrap0:armhf (7.6.q-31build2) ...
Selecting previously unselected package squashfs-tools.
Preparing to unpack .../33-squashfs-tools_1%3a4.5-3build1_armhf.deb ...
Unpacking squashfs-tools (1:4.5-3build1) ...
Selecting previously unselected package snapd.
Preparing to unpack .../34-snapd_2.73+ubuntu22.04_armhf.deb ...
Unpacking snapd (2.73+ubuntu22.04) ...
Selecting previously unselected package squashfuse.
Preparing to unpack .../35-squashfuse_0.1.103-3_armhf.deb ...
Unpacking squashfuse (0.1.103-3) ...
Selecting previously unselected package socat.
Preparing to unpack .../36-socat_1.7.4.1-3ubuntu4_armhf.deb ...
Unpacking socat (1.7.4.1-3ubuntu4) ...
Setting up media-types (7.0.0) ...
Setting up libpsl5:armhf (0.21.0-1.2build2) ...
Setting up libcbor0.8:armhf (0.8.0-2ubuntu1) ...
Setting up libbrotli1:armhf (1.0.9-2build6) ...
Setting up libnghttp2-14:armhf (1.43.0-1ubuntu0.2) ...
Setting up liblzo2-2:armhf (2.10-2build3) ...
Setting up libfuse2:armhf (2.9.9-5ubuntu3) ...
Setting up libsasl2-modules-db:armhf (2.1.27+dfsg2-3ubuntu1.2) ...
Setting up libcap2-bin (1:2.44-1ubuntu0.22.04.2) ...
Setting up liberror-perl (0.17029-1) ...
Setting up apparmor (3.0.4-2ubuntu2.5) ...
Created symlink /etc/systemd/system/sysinit.target.wants/apparmor.service  /lib/systemd/system/apparmor.service.
Reloading AppArmor profiles 
Setting up libwrap0:armhf (7.6.q-31build2) ...
Setting up librtmp1:armhf (2.4+20151223.gitfa8646d.1-2build4) ...
Setting up socat (1.7.4.1-3ubuntu4) ...
Setting up libdbus-1-3:armhf (1.12.20-2ubuntu4.1) ...
Setting up dbus (1.12.20-2ubuntu4.1) ...
Setting up udev (249.11-0ubuntu3.17) ...
Setting up sudo (1.9.9-1ubuntu2.5) ...
Setting up libfuse3-3:armhf (3.10.5-1build1) ...
Setting up libsasl2-2:armhf (2.1.27+dfsg2-3ubuntu1.2) ...
Setting up libssh-4:armhf (0.9.6-2ubuntu0.22.04.5) ...
Setting up libmd0:armhf (1.0.4-1build1) ...
Setting up libmpdec3:armhf (2.5.1-2build2) ...
Setting up libpam-systemd:armhf (249.11-0ubuntu3.17) ...
Setting up git-man (1:2.34.1-1ubuntu1.15) ...
Setting up libsquashfuse0:armhf (0.1.103-3) ...
Setting up libfido2-1:armhf (1.10.0-1) ...
Setting up libbsd0:armhf (0.11.5-1) ...
Setting up fuse (2.9.9-5ubuntu3) ...
Setting up squashfs-tools (1:4.5-3build1) ...
Setting up libedit2:armhf (3.1-20210910-1build1) ...
Setting up libldap-2.5-0:armhf (2.5.19+dfsg-0ubuntu0.22.04.1) ...
Setting up libpython3.10-stdlib:armhf (3.10.12-1~22.04.13) ...
Setting up dbus-user-session (1.12.20-2ubuntu4.1) ...
Setting up squashfuse (0.1.103-3) ...
Setting up libpython3-stdlib:armhf (3.10.6-1~22.04.1) ...
Setting up python3.10 (3.10.12-1~22.04.13) ...
Setting up openssh-client (1:8.9p1-3ubuntu0.13) ...
update-alternatives: using /usr/bin/ssh to provide /usr/bin/rsh (rsh) in auto mode
update-alternatives: using /usr/bin/slogin to provide /usr/bin/rlogin (rlogin) in auto mode
update-alternatives: using /usr/bin/scp to provide /usr/bin/rcp (rcp) in auto mode
Setting up libcurl3-gnutls:armhf (7.81.0-1ubuntu1.21) ...
Setting up python3 (3.10.6-1~22.04.1) ...
running python rtupdate hooks for python3.10...
running python post-rtupdate hooks for python3.10...
Setting up git (1:2.34.1-1ubuntu1.15) ...
Setting up snapd (2.73+ubuntu22.04) ...
Created symlink /etc/systemd/system/multi-user.target.wants/snapd.apparmor.service  /lib/systemd/system/snapd.apparmor.service.
Created symlink /etc/systemd/system/multi-user.target.wants/snapd.autoimport.service  /lib/systemd/system/snapd.autoimport.service.
Created symlink /etc/systemd/system/multi-user.target.wants/snapd.core-fixup.service  /lib/systemd/system/snapd.core-fixup.service.
Created symlink /etc/systemd/system/multi-user.target.wants/snapd.recovery-chooser-trigger.service  /lib/systemd/system/snapd.recovery-chooser-trigger.service.
Created symlink /etc/systemd/system/multi-user.target.wants/snapd.seeded.service  /lib/systemd/system/snapd.seeded.service.
Created symlink /etc/systemd/system/cloud-final.service.wants/snapd.seeded.service  /lib/systemd/system/snapd.seeded.service.
Created symlink /etc/systemd/system/multi-user.target.wants/snapd.service  /lib/systemd/system/snapd.service.
Created symlink /etc/systemd/system/timers.target.wants/snapd.snap-repair.timer  /lib/systemd/system/snapd.snap-repair.timer.
Created symlink /etc/systemd/system/sockets.target.wants/snapd.socket  /lib/systemd/system/snapd.socket.
Created symlink /etc/systemd/system/final.target.wants/snapd.system-shutdown.service  /lib/systemd/system/snapd.system-shutdown.service.
snapd.failure.service is a disabled or a static unit, not starting it.
snapd.gpio-chardev-setup.target is a disabled or a static unit, not starting it.
snapd.mounts.target is a disabled or a static unit, not starting it.
snapd.snap-repair.service is a disabled or a static unit, not starting it.
Processing triggers for libc-bin (2.35-0ubuntu3.12) ...
Restarting host AppArmor
Command output: b''
Command errors (if any): b''
2026-01-28T15:45:01Z INFO Waiting for automatic snapd restart...
snapcraft 8.13.2 from Canonical** installed
Running repo phase...
Cloning into 'snapcraft-iotconnect-gg-nucleus-00726c8350c87c626ebbd9c5a9bcb0c9'...
[28/Jan/2026:15:48:47 +0000] "CONNECT git.launchpad.net:443 HTTP/1.1" 200 31576 "-" "git/2.34.1"
Running pull phase...
Initializing parts lifecycle
Installing build-packages
[28/Jan/2026:15:48:54 +0000] "GET http://ftpmaster.internal/ubuntu/dists/jammy/InRelease HTTP/1.1" 304 - "-" "Debian APT-HTTP/1.3 (2.4.14) non-interactive"
[28/Jan/2026:15:48:54 +0000] "GET http://ftpmaster.internal/ubuntu/dists/jammy-security/InRelease HTTP/1.1" 304 - "-" "Debian APT-HTTP/1.3 (2.4.14) non-interactive"
[28/Jan/2026:15:48:54 +0000] "GET http://ftpmaster.internal/ubuntu/dists/jammy-updates/InRelease HTTP/1.1" 304 - "-" "Debian APT-HTTP/1.3 (2.4.14) non-interactive"
[28/Jan/2026:15:48:57 +0000] "GET http://ftpmaster.internal/ubuntu/pool/main/w/wget/wget_1.21.2-2ubuntu1.1_armhf.deb HTTP/1.1" 200 320142 "-" "Debian APT-HTTP/1.3 (2.4.14) non-interactive"
[28/Jan/2026:15:48:57 +0000] "GET http://ftpmaster.internal/ubuntu/pool/main/e/expat/libexpat1-dev_2.4.7-1ubuntu0.6_armhf.deb HTTP/1.1" 200 126292 "-" "Debian APT-HTTP/1.3 (2.4.14) non-interactive"
[28/Jan/2026:15:48:58 +0000] "GET http://ftpmaster.internal/ubuntu/pool/main/n/node-jquery/libjs-jquery_3.6.0%2bdfsg%2b%7e3.5.13-1_all.deb HTTP/1.1" 200 320998 "-" "Debian APT-HTTP/1.3 (2.4.14) non-interactive"
[28/Jan/2026:15:48:58 +0000] "GET http://ftpmaster.internal/ubuntu/pool/main/u/underscore/libjs-underscore_1.13.2%7edfsg-2_all.deb HTTP/1.1" 200 117782 "-" "Debian APT-HTTP/1.3 (2.4.14) non-interactive"
[28/Jan/2026:15:48:59 +0000] "GET http://ftpmaster.internal/ubuntu/pool/main/s/sphinx/libjs-sphinxdoc_4.3.2-1_all.deb HTTP/1.1" 200 138934 "-" "Debian APT-HTTP/1.3 (2.4.14) non-interactive"
[28/Jan/2026:15:48:59 +0000] "GET http://ftpmaster.internal/ubuntu/pool/main/p/python3.10/libpython3.10_3.10.12-1%7e22.04.13_armhf.deb HTTP/1.1" 200 1726546 "-" "Debian APT-HTTP/1.3 (2.4.14) non-interactive"
[28/Jan/2026:15:48:59 +0000] "GET http://ftpmaster.internal/ubuntu/pool/main/z/zlib/zlib1g-dev_1.2.11.dfsg-2ubuntu9.2_armhf.deb HTTP/1.1" 200 156976 "-" "Debian APT-HTTP/1.3 (2.4.14) non-interactive"
[28/Jan/2026:15:49:01 +0000] "GET http://ftpmaster.internal/ubuntu/pool/main/p/python3.10/libpython3.10-dev_3.10.12-1%7e22.04.13_armhf.deb HTTP/1.1" 200 3686018 "-" "Debian APT-HTTP/1.3 (2.4.14) non-interactive"
[28/Jan/2026:15:49:01 +0000] "GET http://ftpmaster.internal/ubuntu/pool/main/p/python3-defaults/libpython3-dev_3.10.6-1%7e22.04.1_armhf.deb HTTP/1.1" 200 7068 "-" "Debian APT-HTTP/1.3 (2.4.14) non-interactive"
[28/Jan/2026:15:49:02 +0000] "GET http://ftpmaster.internal/ubuntu/pool/main/p/python3.10/python3.10-dev_3.10.12-1%7e22.04.13_armhf.deb HTTP/1.1" 200 507834 "-" "Debian APT-HTTP/1.3 (2.4.14) non-interactive"
[28/Jan/2026:15:49:02 +0000] "GET http://ftpmaster.internal/ubuntu/pool/main/p/python3-stdlib-extensions/python3-lib2to3_3.10.8-1%7e22.04_all.deb HTTP/1.1" 200 77598 "-" "Debian APT-HTTP/1.3 (2.4.14) non-interactive"
[28/Jan/2026:15:49:02 +0000] "GET http://ftpmaster.internal/ubuntu/pool/main/p/python3-stdlib-extensions/python3-distutils_3.10.8-1%7e22.04_all.deb HTTP/1.1" 200 138862 "-" "Debian APT-HTTP/1.3 (2.4.14) non-interactive"
[28/Jan/2026:15:49:03 +0000] "GET http://ftpmaster.internal/ubuntu/pool/main/p/python3-defaults/python3-dev_3.10.6-1%7e22.04.1_armhf.deb HTTP/1.1" 200 25962 "-" "Debian APT-HTTP/1.3 (2.4.14) non-interactive"
[28/Jan/2026:15:49:03 +0000] "GET http://ftpmaster.internal/ubuntu/pool/universe/p/python-pip/python3-pip-whl_22.0.2%2bdfsg-1ubuntu0.7_all.deb HTTP/1.1" 200 1683292 "-" "Debian APT-HTTP/1.3 (2.4.14) non-interactive"
[28/Jan/2026:15:49:04 +0000] "GET http://ftpmaster.internal/ubuntu/pool/universe/s/setuptools/python3-setuptools-whl_59.6.0-1.2ubuntu0.22.04.3_all.deb HTTP/1.1" 200 788780 "-" "Debian APT-HTTP/1.3 (2.4.14) non-interactive"
[28/Jan/2026:15:49:04 +0000] "GET http://ftpmaster.internal/ubuntu/pool/universe/p/python3.10/python3.10-venv_3.10.12-1%7e22.04.13_armhf.deb HTTP/1.1" 200 5722 "-" "Debian APT-HTTP/1.3 (2.4.14) non-interactive"
[28/Jan/2026:15:49:04 +0000] "GET http://ftpmaster.internal/ubuntu/pool/universe/p/python3-defaults/python3-venv_3.10.6-1%7e22.04.1_armhf.deb HTTP/1.1" 200 1042 "-" "Debian APT-HTTP/1.3 (2.4.14) non-interactive"
Installing build-snaps
Pulling iot-greengrass-app
Fetching stage-packages
Downloading package: libcups2
[28/Jan/2026:15:51:23 +0000] "GET http://ftpmaster.internal/ubuntu/pool/main/c/cups/libcups2_2.4.1op1-1ubuntu4.16_armhf.deb HTTP/1.1" 200 236758 "-" "Debian APT-HTTP/1.3 (2.8.3) non-interactive"
/snap/snapcraft/16571/lib/python3.12/site-packages/apt/package.py:810: Warning: W:Download is performed unsandboxed as root as file '/root/.cache/snapcraft/download/libcups2_2.4.1op1-1ubuntu4.16_armhf.deb' couldn't be accessed by user '_apt'. - pkgAcquire::Run (13: Permission denied)
  acq.run()
Downloading package: openjdk-11-jre-headless
[28/Jan/2026:15:51:25 +0000] "GET http://ftpmaster.internal/ubuntu/pool/main/o/openjdk-lts/openjdk-11-jre-headless_11.0.29%2b7-1ubuntu1%7e22.04_armhf.deb HTTP/1.1" 200 37763192 "-" "Debian APT-HTTP/1.3 (2.8.3) non-interactive"
Downloading package: libjpeg-turbo8
[28/Jan/2026:15:51:26 +0000] "GET http://ftpmaster.internal/ubuntu/pool/main/libj/libjpeg-turbo/libjpeg-turbo8_2.1.2-0ubuntu1_armhf.deb HTTP/1.1" 200 115578 "-" "Debian APT-HTTP/1.3 (2.8.3) non-interactive"
Downloading package: libavahi-common-data
[28/Jan/2026:15:51:26 +0000] "GET http://ftpmaster.internal/ubuntu/pool/main/a/avahi/libavahi-common-data_0.8-5ubuntu5.4_armhf.deb HTTP/1.1" 200 23982 "-" "Debian APT-HTTP/1.3 (2.8.3) non-interactive"
Downloading package: java-common
[28/Jan/2026:15:51:26 +0000] "GET http://ftpmaster.internal/ubuntu/pool/main/j/java-common/java-common_0.72build2_all.deb HTTP/1.1" 200 6782 "-" "Debian APT-HTTP/1.3 (2.8.3) non-interactive"
Downloading package: libjpeg8
[28/Jan/2026:15:51:27 +0000] "GET http://ftpmaster.internal/ubuntu/pool/main/libj/libjpeg8-empty/libjpeg8_8c-2ubuntu10_armhf.deb HTTP/1.1" 200 2266 "-" "Debian APT-HTTP/1.3 (2.8.3) non-interactive"
Downloading package: debconf
[28/Jan/2026:15:51:27 +0000] "GET http://ftpmaster.internal/ubuntu/pool/main/d/debconf/debconf_1.5.79ubuntu1_all.deb HTTP/1.1" 200 126202 "-" "Debian APT-HTTP/1.3 (2.8.3) non-interactive"
Downloading package: default-jre-headless
[28/Jan/2026:15:51:28 +0000] "GET http://ftpmaster.internal/ubuntu/pool/main/j/java-common/default-jre-headless_1.11-72build2_armhf.deb HTTP/1.1" 200 3042 "-" "Debian APT-HTTP/1.3 (2.8.3) non-interactive"
Downloading package: libgraphite2-3
[28/Jan/2026:15:51:28 +0000] "GET http://ftpmaster.internal/ubuntu/pool/main/g/graphite2/libgraphite2-3_1.3.14-1build2_armhf.deb HTTP/1.1" 200 65228 "-" "Debian APT-HTTP/1.3 (2.8.3) non-interactive"
Downloading package: libfontconfig1
[28/Jan/2026:15:51:29 +0000] "GET http://ftpmaster.internal/ubuntu/pool/main/f/fontconfig/libfontconfig1_2.13.1-4.2ubuntu5_armhf.deb HTTP/1.1" 200 108914 "-" "Debian APT-HTTP/1.3 (2.8.3) non-interactive"
Downloading package: libasound2
[28/Jan/2026:15:51:30 +0000] "GET http://ftpmaster.internal/ubuntu/pool/main/a/alsa-lib/libasound2_1.2.6.1-1ubuntu1_armhf.deb HTTP/1.1" 200 343486 "-" "Debian APT-HTTP/1.3 (2.8.3) non-interactive"
Downloading package: fontconfig-config
[28/Jan/2026:15:51:30 +0000] "GET http://ftpmaster.internal/ubuntu/pool/main/f/fontconfig/fontconfig-config_2.13.1-4.2ubuntu5_all.deb HTTP/1.1" 200 29096 "-" "Debian APT-HTTP/1.3 (2.8.3) non-interactive"
Downloading package: ca-certificates-java
[28/Jan/2026:15:51:30 +0000] "GET http://ftpmaster.internal/ubuntu/pool/main/c/ca-certificates-java/ca-certificates-java_20190909ubuntu1.2_all.deb HTTP/1.1" 200 12136 "-" "Debian APT-HTTP/1.3 (2.8.3) non-interactive"
Downloading package: libnss3
[28/Jan/2026:15:51:32 +0000] "GET http://ftpmaster.internal/ubuntu/pool/main/n/nss/libnss3_3.98-0ubuntu0.22.04.2_armhf.deb HTTP/1.1" 200 1178796 "-" "Debian APT-HTTP/1.3 (2.8.3) non-interactive"
Downloading package: libasound2-data
[28/Jan/2026:15:51:32 +0000] "GET http://ftpmaster.internal/ubuntu/pool/main/a/alsa-lib/libasound2-data_1.2.6.1-1ubuntu1_all.deb HTTP/1.1" 200 19120 "-" "Debian APT-HTTP/1.3 (2.8.3) non-interactive"
Downloading package: libavahi-common3
[28/Jan/2026:15:51:33 +0000] "GET http://ftpmaster.internal/ubuntu/pool/main/a/avahi/libavahi-common3_0.8-5ubuntu5.4_armhf.deb HTTP/1.1" 200 20308 "-" "Debian APT-HTTP/1.3 (2.8.3) non-interactive"
Downloading package: ca-certificates
[28/Jan/2026:15:51:33 +0000] "GET http://ftpmaster.internal/ubuntu/pool/main/c/ca-certificates/ca-certificates_20240203%7e22.04.1_all.deb HTTP/1.1" 200 162162 "-" "Debian APT-HTTP/1.3 (2.8.3) non-interactive"
Downloading package: libharfbuzz0b
[28/Jan/2026:15:51:34 +0000] "GET http://ftpmaster.internal/ubuntu/pool/main/h/harfbuzz/libharfbuzz0b_2.7.4-1ubuntu3.2_armhf.deb HTTP/1.1" 200 336128 "-" "Debian APT-HTTP/1.3 (2.8.3) non-interactive"
Downloading package: fonts-dejavu-core
[28/Jan/2026:15:51:35 +0000] "GET http://ftpmaster.internal/ubuntu/pool/main/f/fonts-dejavu/fonts-dejavu-core_2.37-2build1_all.deb HTTP/1.1" 200 1041300 "-" "Debian APT-HTTP/1.3 (2.8.3) non-interactive"
Downloading package: liblcms2-2
[28/Jan/2026:15:51:35 +0000] "GET http://ftpmaster.internal/ubuntu/pool/main/l/lcms2/liblcms2-2_2.12%7erc1-2build2_armhf.deb HTTP/1.1" 200 131172 "-" "Debian APT-HTTP/1.3 (2.8.3) non-interactive"
Downloading package: libavahi-client3
[28/Jan/2026:15:51:36 +0000] "GET http://ftpmaster.internal/ubuntu/pool/main/a/avahi/libavahi-client3_0.8-5ubuntu5.4_armhf.deb HTTP/1.1" 200 24436 "-" "Debian APT-HTTP/1.3 (2.8.3) non-interactive"
Downloading package: libnspr4
[28/Jan/2026:15:51:38 +0000] "GET http://ftpmaster.internal/ubuntu/pool/main/n/nspr/libnspr4_4.35-0ubuntu0.22.04.1_armhf.deb HTTP/1.1" 200 94322 "-" "Debian APT-HTTP/1.3 (2.8.3) non-interactive"
Extracting stage package: libcups2
Extracting stage package: openjdk-11-jre-headless
Extracting stage package: libjpeg-turbo8
Extracting stage package: libavahi-common-data
Extracting stage package: java-common
Extracting stage package: libjpeg8
Extracting stage package: debconf
Extracting stage package: default-jre-headless
Extracting stage package: libgraphite2-3
Extracting stage package: libfontconfig1
Extracting stage package: libasound2
Extracting stage package: fontconfig-config
Extracting stage package: ca-certificates-java
Extracting stage package: libnss3
Extracting stage package: libasound2-data
Extracting stage package: libavahi-common3
Extracting stage package: ca-certificates
Extracting stage package: libharfbuzz0b
Extracting stage package: fonts-dejavu-core
Extracting stage package: liblcms2-2
Extracting stage package: libavahi-client3
Extracting stage package: libnspr4
Restarting host AppArmor
Command output: b''
Command errors (if any): b''
Running build phase...
Running snapcraft without a command will not be possible in future releases. Use 'snapcraft pack' instead.
Initializing parts lifecycle
Installing build-packages
Installing build-snaps
Skipping pull for iot-greengrass-app (already ran)
Building iot-greengrass-app
/build/snapcraft-iotconnect-gg-nucleus-00726c8350c87c626ebbd9c5a9bcb0c9/parts/iot-greengrass-app/install/usr/lib/jvm/java-11-openjdk-armhf/lib/security/blacklisted.certs will be a dangling symlink
/build/snapcraft-iotconnect-gg-nucleus-00726c8350c87c626ebbd9c5a9bcb0c9/parts/iot-greengrass-app/install/usr/lib/jvm/java-11-openjdk-armhf/lib/security/cacerts will be a dangling symlink
:: + craftctl default
:: + python3 -m venv /build/snapcraft-iotconnect-gg-nucleus-00726c8350c87c626ebbd9c5a9bcb0c9/parts/iot-greengrass-app/install
:: + PARTS_PYTHON_VENV_INTERP_PATH=/build/snapcraft-iotconnect-gg-nucleus-00726c8350c87c626ebbd9c5a9bcb0c9/parts/iot-greengrass-app/install/bin/python3
:: + /build/snapcraft-iotconnect-gg-nucleus-00726c8350c87c626ebbd9c5a9bcb0c9/parts/iot-greengrass-app/install/bin/pip install -U pip setuptools wheel
:: Requirement already satisfied: pip in /build/snapcraft-iotconnect-gg-nucleus-00726c8350c87c626ebbd9c5a9bcb0c9/parts/iot-greengrass-app/install/lib/python3.10/site-packages (22.0.2)
:: Collecting pip
::   Downloading pip-25.3-py3-none-any.whl (1.8 MB)
::       1.8/1.8 MB 2.3 MB/s eta 0:00:00
:: Requirement already satisfied: setuptools in /build/snapcraft-iotconnect-gg-nucleus-00726c8350c87c626ebbd9c5a9bcb0c9/parts/iot-greengrass-app/install/lib/python3.10/site-packages (59.6.0)
:: Collecting setuptools
::   Downloading setuptools-80.10.2-py3-none-any.whl (1.1 MB)
::       1.1/1.1 MB 2.6 MB/s eta 0:00:00
:: Collecting wheel
::   Downloading wheel-0.46.3-py3-none-any.whl (30 kB)
:: Collecting packaging>=24.0
::   Downloading packaging-26.0-py3-none-any.whl (74 kB)
::       74.4/74.4 KB 13.5 MB/s eta 0:00:00
:: Installing collected packages: setuptools, pip, packaging, wheel
::   Attempting uninstall: setuptools
::     Found existing installation: setuptools 59.6.0
::     Uninstalling setuptools-59.6.0:
::       Successfully uninstalled setuptools-59.6.0
::   Attempting uninstall: pip
::     Found existing installation: pip 22.0.2
::     Uninstalling pip-22.0.2:
::       Successfully uninstalled pip-22.0.2
:: Successfully installed packaging-26.0 pip-25.3 setuptools-80.10.2 wheel-0.46.3
[28/Jan/2026:15:51:58 +0000] "CONNECT files.pythonhosted.org:443 HTTP/1.0" 200 2961048 "-" "-"
[28/Jan/2026:15:51:58 +0000] "CONNECT pypi.org:443 HTTP/1.0" 200 235548 "-" "-"
:: + /build/snapcraft-iotconnect-gg-nucleus-00726c8350c87c626ebbd9c5a9bcb0c9/parts/iot-greengrass-app/install/bin/pip install -U -r requirements.txt
:: Collecting boto3 (from -r requirements.txt (line 1))
::   Downloading boto3-1.42.36-py3-none-any.whl.metadata (6.8 kB)
:: Collecting botocore (from -r requirements.txt (line 2))
::   Downloading botocore-1.42.36-py3-none-any.whl.metadata (5.9 kB)
:: Collecting requests (from -r requirements.txt (line 3))
::   Downloading requests-2.32.5-py3-none-any.whl.metadata (4.9 kB)
:: Collecting PyYAML (from -r requirements.txt (line 4))
::   Downloading pyyaml-6.0.3.tar.gz (130 kB)
::   Installing build dependencies: started
[28/Jan/2026:15:52:06 +0000] "CONNECT files.pythonhosted.org:443 HTTP/1.0" 200 3949175 "-" "-"
[28/Jan/2026:15:52:06 +0000] "CONNECT pypi.org:443 HTTP/1.0" 200 657206 "-" "-"
::   Installing build dependencies: finished with status 'done'
::   Getting requirements to build wheel: started
::   Getting requirements to build wheel: finished with status 'done'
::   Preparing metadata (pyproject.toml): started
::   Preparing metadata (pyproject.toml): finished with status 'done'
:: Collecting awsiotsdk (from -r requirements.txt (line 5))
::   Downloading awsiotsdk-1.28.0-py3-none-any.whl.metadata (6.8 kB)
:: Collecting jmespath<2.0.0,>=0.7.1 (from boto3->-r requirements.txt (line 1))
::   Downloading jmespath-1.1.0-py3-none-any.whl.metadata (7.6 kB)
:: Collecting s3transfer<0.17.0,>=0.16.0 (from boto3->-r requirements.txt (line 1))
::   Downloading s3transfer-0.16.0-py3-none-any.whl.metadata (1.7 kB)
:: Collecting python-dateutil<3.0.0,>=2.1 (from botocore->-r requirements.txt (line 2))
::   Downloading python_dateutil-2.9.0.post0-py2.py3-none-any.whl.metadata (8.4 kB)
:: Collecting urllib3!=2.2.0,<3,>=1.25.4 (from botocore->-r requirements.txt (line 2))
::   Downloading urllib3-2.6.3-py3-none-any.whl.metadata (6.9 kB)
:: Collecting six>=1.5 (from python-dateutil<3.0.0,>=2.1->botocore->-r requirements.txt (line 2))
::   Downloading six-1.17.0-py2.py3-none-any.whl.metadata (1.7 kB)
:: Collecting charset_normalizer<4,>=2 (from requests->-r requirements.txt (line 3))
::   Downloading charset_normalizer-3.4.4-cp310-cp310-manylinux2014_armv7l.manylinux_2_17_armv7l.manylinux_2_31_armv7l.whl.metadata (37 kB)
:: Collecting idna<4,>=2.5 (from requests->-r requirements.txt (line 3))
::   Downloading idna-3.11-py3-none-any.whl.metadata (8.4 kB)
:: Collecting certifi>=2017.4.17 (from requests->-r requirements.txt (line 3))
::   Downloading certifi-2026.1.4-py3-none-any.whl.metadata (2.5 kB)
:: Collecting awscrt==0.31.1 (from awsiotsdk->-r requirements.txt (line 5))
::   Downloading awscrt-0.31.1.tar.gz (38.1 MB)
::       38.1/38.1 MB 6.8 MB/s  0:00:05
::   Installing build dependencies: started
::   Installing build dependencies: finished with status 'done'
::   Getting requirements to build wheel: started
[28/Jan/2026:15:52:22 +0000] "CONNECT pypi.org:443 HTTP/1.0" 200 4745 "-" "-"
::   Getting requirements to build wheel: finished with status 'done'
::   Preparing metadata (pyproject.toml): started
::   Preparing metadata (pyproject.toml): finished with status 'done'
:: Downloading boto3-1.42.36-py3-none-any.whl (140 kB)
:: Downloading botocore-1.42.36-py3-none-any.whl (14.6 MB)
::     14.6/14.6 MB 7.2 MB/s  0:00:02
:: Downloading jmespath-1.1.0-py3-none-any.whl (20 kB)
:: Downloading python_dateutil-2.9.0.post0-py2.py3-none-any.whl (229 kB)
:: Downloading s3transfer-0.16.0-py3-none-any.whl (86 kB)
:: Downloading urllib3-2.6.3-py3-none-any.whl (131 kB)
:: Downloading requests-2.32.5-py3-none-any.whl (64 kB)
:: Downloading charset_normalizer-3.4.4-cp310-cp310-manylinux2014_armv7l.manylinux_2_17_armv7l.manylinux_2_31_armv7l.whl (144 kB)
:: Downloading idna-3.11-py3-none-any.whl (71 kB)
:: Downloading awsiotsdk-1.28.0-py3-none-any.whl (80 kB)
:: Downloading certifi-2026.1.4-py3-none-any.whl (152 kB)
:: Downloading six-1.17.0-py2.py3-none-any.whl (11 kB)
:: Building wheels for collected packages: PyYAML, awscrt
::   Building wheel for PyYAML (pyproject.toml): started
::   Building wheel for PyYAML (pyproject.toml): finished with status 'done'
::   Created wheel for PyYAML: filename=pyyaml-6.0.3-cp310-cp310-linux_armv7l.whl size=45463 sha256=3dc3bd4d4094e2e1493d6495055dd762ad28d318857d7d3d60d85111c262603a
::   Stored in directory: /root/.cache/pip/wheels/de/80/e1/497ba730a0f6b874fa937ef1628528ef503fcd4dbcfe49a871
::   Building wheel for awscrt (pyproject.toml): started
::   Building wheel for awscrt (pyproject.toml): finished with status 'error'
::   error: subprocess-exited-with-error
::
::    Building wheel for awscrt (pyproject.toml) did not run successfully.
::    exit code: 1
::   > [137 lines of output]
::       /tmp/pip-build-env-fcs3n0cw/overlay/lib/python3.10/site-packages/setuptools/config/_apply_pyprojecttoml.py:82: SetuptoolsDeprecationWarning: `project.license` as a TOML table is deprecated
::       !!
::
::               ********************************************************************************
::               Please use a simple string containing a SPDX expression for `project.license`. You can also use `project.license-files`. (Both options available on setuptools>=77.0.0).
::
::               By 2027-Feb-18, you need to update your project and remove deprecated calls
::               or your builds will no longer be supported.
::
::               See https://packaging.python.org/en/latest/guides/writing-pyproject-toml/#license for details.
::               ********************************************************************************
::
::       !!
::         corresp(dist, value, root_dir)
::       running bdist_wheel
::       running build
::       running build_py
::       creating build/lib.linux-armv7l-cpython-310/awscrt
::       copying awscrt/s3.py -> build/lib.linux-armv7l-cpython-310/awscrt
::       copying awscrt/websocket.py -> build/lib.linux-armv7l-cpython-310/awscrt
::       copying awscrt/__init__.py -> build/lib.linux-armv7l-cpython-310/awscrt
::       copying awscrt/_test.py -> build/lib.linux-armv7l-cpython-310/awscrt
::       copying awscrt/exceptions.py -> build/lib.linux-armv7l-cpython-310/awscrt
::       copying awscrt/mqtt_request_response.py -> build/lib.linux-armv7l-cpython-310/awscrt
::       copying awscrt/cbor.py -> build/lib.linux-armv7l-cpython-310/awscrt
::       copying awscrt/mqtt5.py -> build/lib.linux-armv7l-cpython-310/awscrt
::       copying awscrt/io.py -> build/lib.linux-armv7l-cpython-310/awscrt
::       copying awscrt/mqtt.py -> build/lib.linux-armv7l-cpython-310/awscrt
::       copying awscrt/http.py -> build/lib.linux-armv7l-cpython-310/awscrt
::       copying awscrt/auth.py -> build/lib.linux-armv7l-cpython-310/awscrt
::       copying awscrt/common.py -> build/lib.linux-armv7l-cpython-310/awscrt
::       copying awscrt/checksums.py -> build/lib.linux-armv7l-cpython-310/awscrt
::       copying awscrt/crypto.py -> build/lib.linux-armv7l-cpython-310/awscrt
::       creating build/lib.linux-armv7l-cpython-310/awscrt/aio
::       copying awscrt/aio/__init__.py -> build/lib.linux-armv7l-cpython-310/awscrt/aio
::       copying awscrt/aio/http.py -> build/lib.linux-armv7l-cpython-310/awscrt/aio
::       creating build/lib.linux-armv7l-cpython-310/awscrt/eventstream
::       copying awscrt/eventstream/__init__.py -> build/lib.linux-armv7l-cpython-310/awscrt/eventstream
::       copying awscrt/eventstream/rpc.py -> build/lib.linux-armv7l-cpython-310/awscrt/eventstream
::       running egg_info
::       writing awscrt.egg-info/PKG-INFO
::       writing dependency_links to awscrt.egg-info/dependency_links.txt
::       writing requirements to awscrt.egg-info/requires.txt
::       writing top-level names to awscrt.egg-info/top_level.txt
::       reading manifest file 'awscrt.egg-info/SOURCES.txt'
::       reading manifest template 'MANIFEST.in'
::       warning: no previously-included files matching '.git*' found anywhere in distribution
::       warning: no previously-included files matching '.git*/**' found anywhere in distribution
::       warning: no previously-included files matching '.travis*' found anywhere in distribution
::       warning: no previously-included files matching '.travis/**' found anywhere in distribution
::       warning: no previously-included files matching '.builder/**' found anywhere in distribution
::       warning: no previously-included files matching 'format-check.py' found anywhere in distribution
::       warning: no previously-included files matching 'builder.json' found anywhere in distribution
::       warning: no previously-included files matching 'codebuild/**' found anywhere in distribution
::       warning: no previously-included files matching '.clang-format' found anywhere in distribution
::       warning: no previously-included files matching '.clang-tidy' found anywhere in distribution
::       warning: no previously-included files matching 'crt/*/verification/**' found anywhere in distribution
::       warning: no previously-included files matching 'crt/*/docs/**' found anywhere in distribution
::       warning: no previously-included files matching 'crt/*/bin/**' found anywhere in distribution
::       warning: no previously-included files matching 'crt/*/scripts/**' found anywhere in distribution
::       warning: no previously-included files matching 'docker-images/**' found anywhere in distribution
::       warning: no previously-included files matching 'crt/aws-lc/**/crypto_test_data*' found anywhere in distribution
::       no previously-included directories found matching 'crt/**/AWSCRTAndroidTestRunner'
::       no previously-included directories found matching 'crt/aws-c-auth/tests'
::       no previously-included directories found matching 'crt/aws-c-cal/tests'
::       no previously-included directories found matching 'crt/aws-c-common/tests'
::       no previously-included directories found matching 'crt/aws-c-compression/tests'
::       no previously-included directories found matching 'crt/aws-c-io/tests'
::       no previously-included directories found matching 'crt/aws-c-mqtt/tests'
::       no previously-included directories found matching 'crt/aws-c-s3/tests'
::       no previously-included directories found matching 'crt/aws-c-sdkutils/tests'
::       no previously-included directories found matching 'crt/aws-c-cal/ecdsa-fuzz-corpus'
::       no previously-included directories found matching 'crt/aws-c-s3/benchmarks'
::       no previously-included directories found matching 'crt/s2n/tests'
::       no previously-included directories found matching 'crt/s2n/compliance/specs'
::       warning: no previously-included files found matching 'crt/aws-lc/**/*test*.go'
::       warning: no previously-included files found matching 'crt/aws-lc/**/*test*.json'
::       warning: no previously-included files found matching 'crt/aws-lc/**/*test*.py'
::       warning: no previously-included files found matching 'crt/aws-lc/**/*test*.txt'
::       no previously-included directories found matching 'crt/aws-lc/fuzz'
::       no previously-included directories found matching 'crt/aws-lc/ssl'
::       no previously-included directories found matching 'crt/aws-lc/third_party/jitterentropy/tests'
::       no previously-included directories found matching 'crt/aws-lc/third_party/jitterentropy/doc'
::       no previously-included directories found matching 'crt/aws-lc/tool'
::       adding license file 'LICENSE'
::       adding license file 'NOTICE'
::       writing manifest file 'awscrt.egg-info/SOURCES.txt'
::       running build_ext
::       Traceback (most recent call last):
::         File "/build/snapcraft-iotconnect-gg-nucleus-00726c8350c87c626ebbd9c5a9bcb0c9/parts/iot-greengrass-app/install/lib/python3.10/site-packages/pip/_vendor/pyproject_hooks/_in_process/_in_process.py", line 389, in <module>
::           main()
::         File "/build/snapcraft-iotconnect-gg-nucleus-00726c8350c87c626ebbd9c5a9bcb0c9/parts/iot-greengrass-app/install/lib/python3.10/site-packages/pip/_vendor/pyproject_hooks/_in_process/_in_process.py", line 373, in main
::           json_out["return_val"] = hook(**hook_input["kwargs"])
::         File "/build/snapcraft-iotconnect-gg-nucleus-00726c8350c87c626ebbd9c5a9bcb0c9/parts/iot-greengrass-app/install/lib/python3.10/site-packages/pip/_vendor/pyproject_hooks/_in_process/_in_process.py", line 280, in build_wheel
::           return _build_backend().build_wheel(
::         File "/tmp/pip-build-env-fcs3n0cw/overlay/lib/python3.10/site-packages/setuptools/build_meta.py", line 439, in build_wheel
::           return _build(['bdist_wheel', '--dist-info-dir', str(metadata_directory)])
::         File "/tmp/pip-build-env-fcs3n0cw/overlay/lib/python3.10/site-packages/setuptools/build_meta.py", line 427, in _build
::           return self._build_with_temp_dir(
::         File "/tmp/pip-build-env-fcs3n0cw/overlay/lib/python3.10/site-packages/setuptools/build_meta.py", line 408, in _build_with_temp_dir
::           self.run_setup()
:: Successfully built PyYAML
::         File "/tmp/pip-build-env-fcs3n0cw/overlay/lib/python3.10/site-packages/setuptools/build_meta.py", line 317, in run_setup
::           exec(code, locals())
::         File "<string>", line 564, in <module>
::         File "/tmp/pip-build-env-fcs3n0cw/overlay/lib/python3.10/site-packages/setuptools/__init__.py", line 117, in setup
::           return distutils.core.setup(**attrs)  # type: ignore[return-value]
::         File "/tmp/pip-build-env-fcs3n0cw/overlay/lib/python3.10/site-packages/setuptools/_distutils/core.py", line 186, in setup
::           return run_commands(dist)
::         File "/tmp/pip-build-env-fcs3n0cw/overlay/lib/python3.10/site-packages/setuptools/_distutils/core.py", line 202, in run_commands
::           dist.run_commands()
::         File "/tmp/pip-build-env-fcs3n0cw/overlay/lib/python3.10/site-packages/setuptools/_distutils/dist.py", line 1002, in run_commands
::           self.run_command(cmd)
::         File "/tmp/pip-build-env-fcs3n0cw/overlay/lib/python3.10/site-packages/setuptools/dist.py", line 1107, in run_command
::           super().run_command(command)
::         File "/tmp/pip-build-env-fcs3n0cw/overlay/lib/python3.10/site-packages/setuptools/_distutils/dist.py", line 1021, in run_command
::           cmd_obj.run()
::         File "/tmp/pip-build-env-fcs3n0cw/overlay/lib/python3.10/site-packages/setuptools/command/bdist_wheel.py", line 370, in run
::           self.run_command("build")
::         File "/tmp/pip-build-env-fcs3n0cw/overlay/lib/python3.10/site-packages/setuptools/_distutils/cmd.py", line 357, in run_command
::           self.distribution.run_command(command)
::         File "/tmp/pip-build-env-fcs3n0cw/overlay/lib/python3.10/site-packages/setuptools/dist.py", line 1107, in run_command
::           super().run_command(command)
::         File "/tmp/pip-build-env-fcs3n0cw/overlay/lib/python3.10/site-packages/setuptools/_distutils/dist.py", line 1021, in run_command
::           cmd_obj.run()
::         File "/tmp/pip-build-env-fcs3n0cw/overlay/lib/python3.10/site-packages/setuptools/_distutils/command/build.py", line 135, in run
::           self.run_command(cmd_name)
::         File "/tmp/pip-build-env-fcs3n0cw/overlay/lib/python3.10/site-packages/setuptools/_distutils/cmd.py", line 357, in run_command
::           self.distribution.run_command(command)
::         File "/tmp/pip-build-env-fcs3n0cw/overlay/lib/python3.10/site-packages/setuptools/dist.py", line 1107, in run_command
::           super().run_command(command)
::         File "/tmp/pip-build-env-fcs3n0cw/overlay/lib/python3.10/site-packages/setuptools/_distutils/dist.py", line 1021, in run_command
::           cmd_obj.run()
::         File "<string>", line 421, in run
::         File "<string>", line 373, in _build_dependencies
::         File "<string>", line 251, in _build_dependencies_impl
::         File "<string>", line 158, in get_cmake_path
::       Exception: CMake must be installed to build from source.
::       [end of output]
::
::   note: This error originates from a subprocess, and is likely not a problem with pip.
::   ERROR: Failed building wheel for awscrt
:: Failed to build awscrt
:: error: failed-wheel-build-for-install
::
::  Failed to build installable wheels for some pyproject.toml based projects
:: > awscrt
[28/Jan/2026:15:52:29 +0000] "CONNECT files.pythonhosted.org:443 HTTP/1.0" 200 54137442 "-" "-"
[28/Jan/2026:15:52:29 +0000] "CONNECT pypi.org:443 HTTP/1.0" 200 2222824 "-" "-"
[28/Jan/2026:15:52:29 +0000] "CONNECT pypi.org:443 HTTP/1.0" 200 42370 "-" "-"
Failed to run the build script for part 'iot-greengrass-app'.

:: + PARTS_PYTHON_VENV_INTERP_PATH=/build/snapcraft-iotconnect-gg-nucleus-00726c8350c87c626ebbd9c5a9bcb0c9/parts/iot-greengrass-app/install/bin/python3
:: + /build/snapcraft-iotconnect-gg-nucleus-00726c8350c87c626ebbd9c5a9bcb0c9/parts/iot-greengrass-app/install/bin/pip install -U pip setuptools wheel
:: + /build/snapcraft-iotconnect-gg-nucleus-00726c8350c87c626ebbd9c5a9bcb0c9/parts/iot-greengrass-app/install/bin/pip install -U -r requirements.txt
::   error: subprocess-exited-with-error
::
::    Building wheel for awscrt (pyproject.toml) did not run successfully.
::    exit code: 1
::   > [137 lines of output]
::       /tmp/pip-build-env-fcs3n0cw/overlay/lib/python3.10/site-packages/setuptools/config/_apply_pyprojecttoml.py:82: SetuptoolsDeprecationWarning: `project.license` as a TOML table is deprecated
::       !!
::
::               ********************************************************************************
::               Please use a simple string containing a SPDX expression for `project.license`. You can also use `project.license-files`. (Both options available on setuptools>=77.0.0).
::
::               By 2027-Feb-18, you need to update your project and remove deprecated calls
::               or your builds will no longer be supported.
::
::               See https://packaging.python.org/en/latest/guides/writing-pyproject-toml/#license for details.
::               ********************************************************************************
::
::       !!
::         corresp(dist, value, root_dir)
::       running bdist_wheel
::       running build
::       running build_py
::       creating build/lib.linux-armv7l-cpython-310/awscrt
::       copying awscrt/s3.py -> build/lib.linux-armv7l-cpython-310/awscrt
::       copying awscrt/websocket.py -> build/lib.linux-armv7l-cpython-310/awscrt
::       copying awscrt/__init__.py -> build/lib.linux-armv7l-cpython-310/awscrt
::       copying awscrt/_test.py -> build/lib.linux-armv7l-cpython-310/awscrt
::       copying awscrt/exceptions.py -> build/lib.linux-armv7l-cpython-310/awscrt
::       copying awscrt/mqtt_request_response.py -> build/lib.linux-armv7l-cpython-310/awscrt
::       copying awscrt/cbor.py -> build/lib.linux-armv7l-cpython-310/awscrt
::       copying awscrt/mqtt5.py -> build/lib.linux-armv7l-cpython-310/awscrt
::       copying awscrt/io.py -> build/lib.linux-armv7l-cpython-310/awscrt
::       copying awscrt/mqtt.py -> build/lib.linux-armv7l-cpython-310/awscrt
::       copying awscrt/http.py -> build/lib.linux-armv7l-cpython-310/awscrt
::       copying awscrt/auth.py -> build/lib.linux-armv7l-cpython-310/awscrt
::       copying awscrt/common.py -> build/lib.linux-armv7l-cpython-310/awscrt
::       copying awscrt/checksums.py -> build/lib.linux-armv7l-cpython-310/awscrt
::       copying awscrt/crypto.py -> build/lib.linux-armv7l-cpython-310/awscrt
::       creating build/lib.linux-armv7l-cpython-310/awscrt/aio
::       copying awscrt/aio/__init__.py -> build/lib.linux-armv7l-cpython-310/awscrt/aio
::       copying awscrt/aio/http.py -> build/lib.linux-armv7l-cpython-310/awscrt/aio
::       creating build/lib.linux-armv7l-cpython-310/awscrt/eventstream
::       copying awscrt/eventstream/__init__.py -> build/lib.linux-armv7l-cpython-310/awscrt/eventstream
::       copying awscrt/eventstream/rpc.py -> build/lib.linux-armv7l-cpython-310/awscrt/eventstream
::       running egg_info
::       writing awscrt.egg-info/PKG-INFO
::       writing dependency_links to awscrt.egg-info/dependency_links.txt
::       writing requirements to awscrt.egg-info/requires.txt
::       writing top-level names to awscrt.egg-info/top_level.txt
::       reading manifest file 'awscrt.egg-info/SOURCES.txt'
::       reading manifest template 'MANIFEST.in'
::       warning: no previously-included files matching '.git*' found anywhere in distribution
::       warning: no previously-included files matching '.git*/**' found anywhere in distribution
::       warning: no previously-included files matching '.travis*' found anywhere in distribution
::       warning: no previously-included files matching '.travis/**' found anywhere in distribution
::       warning: no previously-included files matching '.builder/**' found anywhere in distribution
::       warning: no previously-included files matching 'format-check.py' found anywhere in distribution
::       warning: no previously-included files matching 'builder.json' found anywhere in distribution
::       warning: no previously-included files matching 'codebuild/**' found anywhere in distribution
::       warning: no previously-included files matching '.clang-format' found anywhere in distribution
::       warning: no previously-included files matching '.clang-tidy' found anywhere in distribution
::       warning: no previously-included files matching 'crt/*/verification/**' found anywhere in distribution
::       warning: no previously-included files matching 'crt/*/docs/**' found anywhere in distribution
::       warning: no previously-included files matching 'crt/*/bin/**' found anywhere in distribution
::       warning: no previously-included files matching 'crt/*/scripts/**' found anywhere in distribution
::       warning: no previously-included files matching 'docker-images/**' found anywhere in distribution
::       warning: no previously-included files matching 'crt/aws-lc/**/crypto_test_data*' found anywhere in distribution
::       no previously-included directories found matching 'crt/**/AWSCRTAndroidTestRunner'
::       no previously-included directories found matching 'crt/aws-c-auth/tests'
::       no previously-included directories found matching 'crt/aws-c-cal/tests'
::       no previously-included directories found matching 'crt/aws-c-common/tests'
::       no previously-included directories found matching 'crt/aws-c-compression/tests'
::       no previously-included directories found matching 'crt/aws-c-io/tests'
::       no previously-included directories found matching 'crt/aws-c-mqtt/tests'
::       no previously-included directories found matching 'crt/aws-c-s3/tests'
::       no previously-included directories found matching 'crt/aws-c-sdkutils/tests'
::       no previously-included directories found matching 'crt/aws-c-cal/ecdsa-fuzz-corpus'
::       no previously-included directories found matching 'crt/aws-c-s3/benchmarks'
::       no previously-included directories found matching 'crt/s2n/tests'
::       no previously-included directories found matching 'crt/s2n/compliance/specs'
::       warning: no previously-included files found matching 'crt/aws-lc/**/*test*.go'
::       warning: no previously-included files found matching 'crt/aws-lc/**/*test*.json'
::       warning: no previously-included files found matching 'crt/aws-lc/**/*test*.py'
::       warning: no previously-included files found matching 'crt/aws-lc/**/*test*.txt'
::       no previously-included directories found matching 'crt/aws-lc/fuzz'
::       no previously-included directories found matching 'crt/aws-lc/ssl'
::       no previously-included directories found matching 'crt/aws-lc/third_party/jitterentropy/tests'
::       no previously-included directories found matching 'crt/aws-lc/third_party/jitterentropy/doc'
::       no previously-included directories found matching 'crt/aws-lc/tool'
::       adding license file 'LICENSE'
::       adding license file 'NOTICE'
::       writing manifest file 'awscrt.egg-info/SOURCES.txt'
::       running build_ext
::       Traceback (most recent call last):
::         File "/build/snapcraft-iotconnect-gg-nucleus-00726c8350c87c626ebbd9c5a9bcb0c9/parts/iot-greengrass-app/install/lib/python3.10/site-packages/pip/_vendor/pyproject_hooks/_in_process/_in_process.py", line 389, in <module>
::           main()
::         File "/build/snapcraft-iotconnect-gg-nucleus-00726c8350c87c626ebbd9c5a9bcb0c9/parts/iot-greengrass-app/install/lib/python3.10/site-packages/pip/_vendor/pyproject_hooks/_in_process/_in_process.py", line 373, in main
::           json_out["return_val"] = hook(**hook_input["kwargs"])
::         File "/build/snapcraft-iotconnect-gg-nucleus-00726c8350c87c626ebbd9c5a9bcb0c9/parts/iot-greengrass-app/install/lib/python3.10/site-packages/pip/_vendor/pyproject_hooks/_in_process/_in_process.py", line 280, in build_wheel
::           return _build_backend().build_wheel(
::         File "/tmp/pip-build-env-fcs3n0cw/overlay/lib/python3.10/site-packages/setuptools/build_meta.py", line 439, in build_wheel
::           return _build(['bdist_wheel', '--dist-info-dir', str(metadata_directory)])
::         File "/tmp/pip-build-env-fcs3n0cw/overlay/lib/python3.10/site-packages/setuptools/build_meta.py", line 427, in _build
::           return self._build_with_temp_dir(
::         File "/tmp/pip-build-env-fcs3n0cw/overlay/lib/python3.10/site-packages/setuptools/build_meta.py", line 408, in _build_with_temp_dir
::           self.run_setup()
::         File "/tmp/pip-build-env-fcs3n0cw/overlay/lib/python3.10/site-packages/setuptools/build_meta.py", line 317, in run_setup
::           exec(code, locals())
::         File "<string>", line 564, in <module>
::         File "/tmp/pip-build-env-fcs3n0cw/overlay/lib/python3.10/site-packages/setuptools/__init__.py", line 117, in setup
::           return distutils.core.setup(**attrs)  # type: ignore[return-value]
::         File "/tmp/pip-build-env-fcs3n0cw/overlay/lib/python3.10/site-packages/setuptools/_distutils/core.py", line 186, in setup
::           return run_commands(dist)
::         File "/tmp/pip-build-env-fcs3n0cw/overlay/lib/python3.10/site-packages/setuptools/_distutils/core.py", line 202, in run_commands
::           dist.run_commands()
::         File "/tmp/pip-build-env-fcs3n0cw/overlay/lib/python3.10/site-packages/setuptools/_distutils/dist.py", line 1002, in run_commands
::           self.run_command(cmd)
::         File "/tmp/pip-build-env-fcs3n0cw/overlay/lib/python3.10/site-packages/setuptools/dist.py", line 1107, in run_command
::           super().run_command(command)
::         File "/tmp/pip-build-env-fcs3n0cw/overlay/lib/python3.10/site-packages/setuptools/_distutils/dist.py", line 1021, in run_command
::           cmd_obj.run()
::         File "/tmp/pip-build-env-fcs3n0cw/overlay/lib/python3.10/site-packages/setuptools/command/bdist_wheel.py", line 370, in run
::           self.run_command("build")
::         File "/tmp/pip-build-env-fcs3n0cw/overlay/lib/python3.10/site-packages/setuptools/_distutils/cmd.py", line 357, in run_command
::           self.distribution.run_command(command)
::         File "/tmp/pip-build-env-fcs3n0cw/overlay/lib/python3.10/site-packages/setuptools/dist.py", line 1107, in run_command
::           super().run_command(command)
::         File "/tmp/pip-build-env-fcs3n0cw/overlay/lib/python3.10/site-packages/setuptools/_distutils/dist.py", line 1021, in run_command
::           cmd_obj.run()
::         File "/tmp/pip-build-env-fcs3n0cw/overlay/lib/python3.10/site-packages/setuptools/_distutils/command/build.py", line 135, in run
::           self.run_command(cmd_name)
::         File "/tmp/pip-build-env-fcs3n0cw/overlay/lib/python3.10/site-packages/setuptools/_distutils/cmd.py", line 357, in run_command
::           self.distribution.run_command(command)
::         File "/tmp/pip-build-env-fcs3n0cw/overlay/lib/python3.10/site-packages/setuptools/dist.py", line 1107, in run_command
::           super().run_command(command)
::         File "/tmp/pip-build-env-fcs3n0cw/overlay/lib/python3.10/site-packages/setuptools/_distutils/dist.py", line 1021, in run_command
::           cmd_obj.run()
::         File "<string>", line 421, in run
::         File "<string>", line 373, in _build_dependencies
::         File "<string>", line 251, in _build_dependencies_impl
::         File "<string>", line 158, in get_cmake_path
::       Exception: CMake must be installed to build from source.
::       [end of output]
::
::   note: This error originates from a subprocess, and is likely not a problem with pip.
::   ERROR: Failed building wheel for awscrt
:: error: failed-wheel-build-for-install
::  Failed to build installable wheels for some pyproject.toml based projects
:: > awscrt
Check the build output and verify the project can work with the 'python' plugin.
Full execution log: '/root/.local/state/snapcraft/log/snapcraft-20260128-155143.227568.log'
Build failed
Traceback (most recent call last):
  File "/usr/lib/python3/dist-packages/lpbuildd/target/build_snap.py", line 326, in run
    self.build()
  File "/usr/lib/python3/dist-packages/lpbuildd/target/build_snap.py", line 309, in build
    self.run_build_command(["snapcraft"], cwd=output_path, env=env)
  File "/usr/lib/python3/dist-packages/lpbuildd/target/operation.py", line 70, in run_build_command
    return self.backend.run(args, cwd=cwd, env=full_env, **kwargs)
           ^^^^^^^^^^^^^^^^^^^^^^^^^^^^^^^^^^^^^^^^^^^^^^^^^^^^^^^
  File "/usr/lib/python3/dist-packages/lpbuildd/target/lxd.py", line 735, in run
    subprocess.check_call(cmd, **kwargs)
  File "/usr/lib/python3.12/subprocess.py", line 413, in check_call
    raise CalledProcessError(retcode, cmd)
subprocess.CalledProcessError: Command '['lxc', 'exec', 'lp-jammy-armhf', '--env', 'LANG=C.UTF-8', '--env', 'SHELL=/bin/sh', '--env', 'http_proxy=http://10.10.10.1:8222/', '--env', 'https_proxy=http://10.10.10.1:8222/', '--env', 'HTTP_PROXY=http://10.10.10.1:8222/', '--env', 'HTTPS_PROXY=http://10.10.10.1:8222/', '--env', 'GIT_PROXY_COMMAND=/usr/local/bin/lpbuildd-git-proxy', '--env', 'SNAPPY_STORE_NO_CDN=1', '--env', 'LAUNCHPAD_INSTANCE=production', '--env', 'LAUNCHPAD_SERVER_URL=launchpad.net', '--env', 'SNAPCRAFT_BUILD_INFO=1', '--env', 'SNAPCRAFT_IMAGE_INFO={"build-request-id": "lp-105357818", "build-request-timestamp": "2026-01-28T15:39:54Z", "build_url": "https://launchpad.net/~iotconnect/iotconnect-craft-remote-build/+snap/snapcraft-iotconnect-gg-nucleus-00726c8350c87c626ebbd9c5a9bcb0c9/+build/3038390"}', '--env', 'SNAPCRAFT_BUILD_ENVIRONMENT=host', '--env', 'SNAPCRAFT_BUILD_FOR=armhf', '--env', 'CRAFT_PLATFORM=armhf', '--', '/bin/sh', '-c', 'cd /build/snapcraft-iotconnect-gg-nucleus-00726c8350c87c626ebbd9c5a9bcb0c9 && linux32 snapcraft']' returned non-zero exit status 1.
Revoking proxy token...
[Wed Jan 28 15:52:31 2026]
RUN: /usr/share/launchpad-buildd/bin/in-target scan-for-processes --backend=lxd --series=jammy --abi-tag=armhf --isa-tag=armhf SNAPBUILD-3038390
[28/Jan/2026:15:52:30 +0000] "CONNECT d2s8p88vqu9w66.cloudfront.net:443 HTTP/1.1" 200 5503 "-" "Wget/1.21.2"
Scanning for processes to kill in build SNAPBUILD-3038390
